Log file open, 01/14/19 08:28:03
LogWindows: Failed to load 'aqProf.dll' (GetLastError=126)
LogWindows: File 'aqProf.dll' does not exist
LogWindows: Failed to load 'VtuneApi.dll' (GetLastError=126)
LogWindows: File 'VtuneApi.dll' does not exist
LogWindows: Failed to load 'VtuneApi32e.dll' (GetLastError=126)
LogWindows: File 'VtuneApi32e.dll' does not exist
LogInit: Display: Running engine for game: MH_InClass
LogPlatformFile: Not using cached read wrapper
LogTaskGraph: Started task graph with 5 named threads and 23 total threads with 3 sets of task threads.
LogStats: Stats thread started at 0.277242
LogD3D11RHI: Loaded GFSDK_Aftermath_Lib.x64.dll
LogICUInternationalization: Display: ICU TimeZone Detection - Raw Offset: -7:00, Platform Override: ''
LogPluginManager: Mounting plugin Paper2D
LogPluginManager: Mounting plugin AISupport
LogPluginManager: Mounting plugin LightPropagationVolume
LogPluginManager: Mounting plugin CLionSourceCodeAccess
LogPluginManager: Mounting plugin CodeLiteSourceCodeAccess
LogPluginManager: Mounting plugin GitSourceControl
LogPluginManager: Mounting plugin KDevelopSourceCodeAccess
LogPluginManager: Mounting plugin NullSourceCodeAccess
LogPluginManager: Mounting plugin PerforceSourceControl
LogPluginManager: Mounting plugin SubversionSourceControl
LogPluginManager: Mounting plugin UObjectPlugin
LogPluginManager: Mounting plugin VisualStudioCodeSourceCodeAccess
LogPluginManager: Mounting plugin VisualStudioSourceCodeAccess
LogPluginManager: Mounting plugin XCodeSourceCodeAccess
LogPluginManager: Mounting plugin AssetManagerEditor
LogPluginManager: Mounting plugin CryptoKeys
LogPluginManager: Mounting plugin DataValidation
LogPluginManager: Mounting plugin FacialAnimation
LogPluginManager: Mounting plugin GameplayTagsEditor
LogPluginManager: Mounting plugin MacGraphicsSwitching
LogPluginManager: Mounting plugin MeshEditor
LogPluginManager: Mounting plugin MobileLauncherProfileWizard
LogPluginManager: Mounting plugin PluginBrowser
LogPluginManager: Mounting plugin SpeedTreeImporter
LogPluginManager: Mounting plugin DatasmithContent
LogPluginManager: Mounting plugin AlembicImporter
LogPluginManager: Mounting plugin AppleImageUtils
LogPluginManager: Mounting plugin AppleVision
LogPluginManager: Mounting plugin BackChannel
LogPluginManager: Mounting plugin CharacterAI
LogPluginManager: Mounting plugin GeometryCache
LogPluginManager: Mounting plugin HTML5Networking
LogPluginManager: Mounting plugin ProxyLODPlugin
LogPluginManager: Mounting plugin MagicLeap
LogPluginManager: Mounting plugin MagicLeapEmulator
LogPluginManager: Mounting plugin MagicLeapMedia
LogPluginManager: Mounting plugin AndroidMedia
LogPluginManager: Mounting plugin AvfMedia
LogPluginManager: Mounting plugin ImgMedia
LogPluginManager: Mounting plugin LinearTimecode
LogPluginManager: Mounting plugin MediaCompositing
LogPluginManager: Mounting plugin MediaPlayerEditor
LogPluginManager: Mounting plugin WmfMedia
LogPluginManager: Mounting plugin TcpMessaging
LogPluginManager: Mounting plugin UdpMessaging
LogPluginManager: Mounting plugin ActorSequence
LogPluginManager: Mounting plugin LevelSequenceEditor
LogPluginManager: Mounting plugin MatineeToLevelSequence
LogPluginManager: Mounting plugin NetcodeUnitTest
LogPluginManager: Mounting plugin NUTUnrealEngine4
LogPluginManager: Mounting plugin OnlineSubsystemGooglePlay
LogPluginManager: Mounting plugin OnlineSubsystemIOS
LogPluginManager: Mounting plugin OnlineSubsystem
LogPluginManager: Mounting plugin OnlineSubsystemNull
LogPluginManager: Mounting plugin OnlineSubsystemUtils
LogPluginManager: Mounting plugin LauncherChunkInstaller
LogPluginManager: Mounting plugin AndroidDeviceProfileSelector
LogPluginManager: Mounting plugin AndroidMoviePlayer
LogPluginManager: Mounting plugin AndroidPermission
LogPluginManager: Mounting plugin AppleMoviePlayer
LogPluginManager: Mounting plugin ArchVisCharacter
LogPluginManager: Mounting plugin AudioCapture
LogPluginManager: Mounting plugin CableComponent
LogPluginManager: Mounting plugin CustomMeshComponent
LogPluginManager: Mounting plugin EditableMesh
LogPluginManager: Mounting plugin ExampleDeviceProfileSelector
LogPluginManager: Mounting plugin GoogleCloudMessaging
LogPluginManager: Mounting plugin ImmediatePhysics
LogPluginManager: Mounting plugin IOSDeviceProfileSelector
LogPluginManager: Mounting plugin LinuxDeviceProfileSelector
LogPluginManager: Mounting plugin LocationServicesBPLibrary
LogPluginManager: Mounting plugin MobilePatchingUtils
LogPluginManager: Mounting plugin OculusVR
LogPluginManager: Plugin shader directory ../../../Engine/Plugins/Runtime/Oculus/OculusVR/Shaders found
LogPluginManager: Mapping shader source directory ../../../Engine/Plugins/Runtime/Oculus/OculusVR/Shaders to virtual directory /Plugin/OculusVR
LogPluginManager: Mounting plugin PhysXVehicles
LogPluginManager: Mounting plugin ProceduralMeshComponent
LogPluginManager: Mounting plugin RuntimePhysXCooking
LogPluginManager: Mounting plugin SteamVR
LogPluginManager: Mounting plugin WindowsMoviePlayer
LogStreaming: Display: Took  0.097s to configure plugins.
LogInit: Using libcurl 7.55.1-DEV
LogInit:  - built for x86_64-pc-win32
LogInit:  - supports SSL with OpenSSL/1.0.2h
LogInit:  - supports HTTP deflate (compression) using libz 1.2.8
LogInit:  - other features:
LogInit:      CURL_VERSION_SSL
LogInit:      CURL_VERSION_LIBZ
LogInit:      CURL_VERSION_IPV6
LogInit:      CURL_VERSION_ASYNCHDNS
LogInit:      CURL_VERSION_LARGEFILE
LogInit:      CURL_VERSION_IDN
LogInit:  CurlRequestOptions (configurable via config and command line):
LogInit:  - bVerifyPeer = false  - Libcurl will NOT verify peer certificate
LogInit:  - bUseHttpProxy = false  - Libcurl will NOT use HTTP proxy
LogInit:  - bDontReuseConnections = false  - Libcurl will reuse connections
LogInit:  - CertBundlePath = nullptr  - Libcurl will use whatever was configured at build time.
LogInit:  - MaxHostConnections = 16  - Libcurl will limit the number of connections to a host
LogInit:  - LocalHostAddr = Default
LogInit:  - BufferSize = 65536
LogInit: WinSock: version 1.1 (2.2), MaxSocks=32767, MaxUdp=65467
LogInit: Build: ++UE4+Release-4.20-CL-4369336
LogInit: Engine Version: 4.20.3-4369336+++UE4+Release-4.20
LogInit: Compatible Engine Version: 4.20.0-4212847+++UE4+Release-4.20
LogInit: Net CL: 4212847
LogInit: OS: Windows 10 (), CPU: Intel(R) Core(TM) i7-8809G CPU @ 3.10GHz, GPU: Radeon RX Vega M GH Graphics
LogInit: Compiled (64-bit): Sep 17 2018 12:26:19
LogInit: Compiled with Visual C++: 19.13.26129.00
LogInit: Build Configuration: Development
LogInit: Branch Name: ++UE4+Release-4.20
LogInit: Command Line: -EpicPortal  -epiclocale=en-US
LogInit: Base Directory: C:/Program Files/Epic Games/UE_4.20/Engine/Binaries/Win64/
LogInit: Installed Engine Build: 1
LogDevObjectVersion: Number of dev versions registered: 20
LogDevObjectVersion:   Dev-Blueprints (B0D832E4-1F89-4F0D-ACCF-7EB736FD4AA2): 10
LogDevObjectVersion:   Dev-Build (E1C64328-A22C-4D53-A36C-8E866417BD8C): 0
LogDevObjectVersion:   Dev-Core (375EC13C-06E4-48FB-B500-84F0262A717E): 2
LogDevObjectVersion:   Dev-Editor (E4B068ED-F494-42E9-A231-DA0B2E46BB41): 24
LogDevObjectVersion:   Dev-Framework (CFFC743F-43B0-4480-9391-14DF171D2073): 34
LogDevObjectVersion:   Dev-Mobile (B02B49B5-BB20-44E9-A304-32B752E40360): 2
LogDevObjectVersion:   Dev-Networking (A4E4105C-59A1-49B5-A7C5-40C4547EDFEE): 0
LogDevObjectVersion:   Dev-Online (39C831C9-5AE6-47DC-9A44-9C173E1C8E7C): 0
LogDevObjectVersion:   Dev-Physics (78F01B33-EBEA-4F98-B9B4-84EACCB95AA2): 0
LogDevObjectVersion:   Dev-Platform (6631380F-2D4D-43E0-8009-CF276956A95A): 0
LogDevObjectVersion:   Dev-Rendering (12F88B9F-8875-4AFC-A67C-D90C383ABD29): 26
LogDevObjectVersion:   Dev-Sequencer (7B5AE74C-D270-4C10-A958-57980B212A5A): 9
LogDevObjectVersion:   Dev-VR (D7296918-1DD6-4BDD-9DE2-64A83CC13884): 2
LogDevObjectVersion:   Dev-LoadTimes (C2A15278-BFE7-4AFE-6C17-90FF531DF755): 1
LogDevObjectVersion:   Private-Geometry (6EACA3D4-40EC-4CC1-B786-8BED09428FC5): 3
LogDevObjectVersion:   Dev-AnimPhys (29E575DD-E0A3-4627-9D10-D276232CDCEA): 17
LogDevObjectVersion:   Dev-ReflectionCapture (6B266CEC-1EC7-4B8F-A30B-E4D90942FC07): 1
LogDevObjectVersion:   Dev-Automation (0DF73D61-A23F-47EA-B727-89E90C41499A): 1
LogDevObjectVersion:   FortniteMain (601D1886-AC64-4F84-AA16-D3DE0DEAC7D6): 12
LogDevObjectVersion:   Dev-Enterprise (9DFFBCD6-494F-0158-E221-12823C92A888): 1
LogStreaming: Display: Took  0.000s to delete old logs.
LogInit: Presizing for max 8388607 objects, including 0 objects not considered by GC, pre-allocating 0 bytes for permanent pool.
LogInit: Object subsystem initialized
[2019.01.14-15.28.04:117][  0]LogInit: Selected Device Profile: [Windows]
[2019.01.14-15.28.04:117][  0]LogInit: Applying CVar settings loaded from the selected device profile: [Windows]
[2019.01.14-15.28.04:536][  0]LogHAL: Display: Platform has ~ 16 GB [17095360512 / 17179869184 / 16], which maps to Larger [LargestMinGB=32, LargerMinGB=12, DefaultMinGB=8, SmallerMinGB=6, SmallestMinGB=0)
[2019.01.14-15.28.04:536][  0]LogInit: Setting Device Profile CVar: [[r.Vulkan.UseRealUBs:1]]
[2019.01.14-15.28.04:536][  0]LogInit: Going up to parent DeviceProfile []
[2019.01.14-15.28.04:536][  0]LogInit: Computer: eae-n-037
[2019.01.14-15.28.04:536][  0]LogInit: User: u1110080
[2019.01.14-15.28.04:536][  0]LogInit: CPU Page size=4096, Cores=4
[2019.01.14-15.28.04:536][  0]LogInit: High frequency timer resolution =3.023439 MHz
[2019.01.14-15.28.04:537][  0]LogMemory: Memory total: Physical=15.9GB (16GB approx)
[2019.01.14-15.28.04:537][  0]LogMemory: Platform Memory Stats for Windows
[2019.01.14-15.28.04:537][  0]LogMemory: Process Physical Memory: 100.56 MB used, 100.56 MB peak
[2019.01.14-15.28.04:537][  0]LogMemory: Process Virtual Memory: 89.31 MB used, 89.31 MB peak
[2019.01.14-15.28.04:537][  0]LogMemory: Physical Memory: 7542.13 MB used,  8761.27 MB free, 16303.41 MB total
[2019.01.14-15.28.04:537][  0]LogMemory: Virtual Memory: 4639.15 MB used,  8761.27 MB free, 134217728.00 MB total
[2019.01.14-15.28.04:551][  0]LogInit: Using OS detected language (en-US).
[2019.01.14-15.28.04:551][  0]LogInit: Using OS detected locale (en-US).
[2019.01.14-15.28.04:552][  0]LogTextLocalizationManager: No specific localization for 'en-US' exists, so the 'en' localization will be used.
[2019.01.14-15.28.04:878][  0]LogStreaming: Display: Took  0.327s to InitEngineTextLocalization.
[2019.01.14-15.28.04:878][  0]LogInit: Setting process to per monitor DPI aware
[2019.01.14-15.28.04:916][  0]LogSlate: New Slate User Created.  User Index 0, Is Virtual User: 0
[2019.01.14-15.28.04:916][  0]LogSlate: Slate User Registered.  User Index 0, Is Virtual User: 0
[2019.01.14-15.28.05:080][  0]LogHMD: Failed to initialize OpenVR with code 110
[2019.01.14-15.28.05:080][  0]LogD3D11RHI: D3D11 adapters:
[2019.01.14-15.28.05:114][  0]LogD3D11RHI:    0. 'Radeon RX Vega M GH Graphics' (Feature Level 11_0)
[2019.01.14-15.28.05:114][  0]LogD3D11RHI:       4042/0/8151 MB DedicatedVideo/DedicatedSystem/SharedSystem, Outputs:1, VendorId:0x1002
[2019.01.14-15.28.05:126][  0]LogD3D11RHI:    1. 'Intel(R) HD Graphics 630' (Feature Level 11_0)
[2019.01.14-15.28.05:126][  0]LogD3D11RHI:       128/0/8151 MB DedicatedVideo/DedicatedSystem/SharedSystem, Outputs:0, VendorId:0x8086
[2019.01.14-15.28.05:128][  0]LogD3D11RHI:    2. 'Microsoft Basic Render Driver' (Feature Level 11_0)
[2019.01.14-15.28.05:128][  0]LogD3D11RHI:       0/0/8151 MB DedicatedVideo/DedicatedSystem/SharedSystem, Outputs:0, VendorId:0x1414
[2019.01.14-15.28.05:128][  0]LogD3D11RHI: Chosen D3D11 Adapter: 0
[2019.01.14-15.28.05:149][  0]LogD3D11RHI: Creating new Direct3DDevice
[2019.01.14-15.28.05:149][  0]LogD3D11RHI:     GPU DeviceId: 0x694c (for the marketing name, search the web for "GPU Device Id")
[2019.01.14-15.28.05:149][  0]LogWindows: EnumDisplayDevices:
[2019.01.14-15.28.05:149][  0]LogWindows:    0. 'Radeon RX Vega M GH Graphics' (P:1 D:1)
[2019.01.14-15.28.05:149][  0]LogWindows:    1. 'Radeon RX Vega M GH Graphics' (P:0 D:0)
[2019.01.14-15.28.05:149][  0]LogWindows:    2. 'Radeon RX Vega M GH Graphics' (P:0 D:0)
[2019.01.14-15.28.05:150][  0]LogWindows:    3. 'Radeon RX Vega M GH Graphics' (P:0 D:0)
[2019.01.14-15.28.05:150][  0]LogWindows:    4. 'Radeon RX Vega M GH Graphics' (P:0 D:0)
[2019.01.14-15.28.05:150][  0]LogWindows:    5. 'Radeon RX Vega M GH Graphics' (P:0 D:0)
[2019.01.14-15.28.05:151][  0]LogWindows:    6. 'Radeon RX Vega M GH Graphics' (P:0 D:0)
[2019.01.14-15.28.05:151][  0]LogWindows:    7. 'Intel(R) HD Graphics 630' (P:0 D:0)
[2019.01.14-15.28.05:151][  0]LogWindows:    8. 'Intel(R) HD Graphics 630' (P:0 D:0)
[2019.01.14-15.28.05:151][  0]LogWindows: DebugString: PrimaryIsNotTheChoosenAdapter PrimaryIsNotTheChoosenAdapter FoundDriverCount:7 
[2019.01.14-15.28.05:151][  0]LogD3D11RHI:     Adapter Name: Radeon RX Vega M GH Graphics
[2019.01.14-15.28.05:151][  0]LogD3D11RHI:   Driver Version: Adrenalin 18.9.1 (internal:24.20.11026.2001, unified:24.20.11026.2001)
[2019.01.14-15.28.05:151][  0]LogD3D11RHI:      Driver Date: 8-30-2018
[2019.01.14-15.28.05:151][  0]LogRHI: Texture pool is 2829 MB (70% of 4042 MB)
[2019.01.14-15.28.05:219][  0]LogD3D11RHI: Async texture creation enabled
[2019.01.14-15.28.05:232][  0]LogD3D11RHI: GPU Timing Frequency: 25.000000 (Debug: 2 1)
[2019.01.14-15.28.05:234][  0]LogShaderCompilers: Guid format shader working directory is -29 characters bigger than the processId version (../../../../../../Users/u1110080/Documents/GitHub/MH_AssetPipeline/MH_InClass/Intermediate/Shaders/WorkingDirectory/13264/).
[2019.01.14-15.28.05:234][  0]LogShaderCompilers: Cleaned the shader compiler working directory 'C:/Users/u1110080/AppData/Local/Temp/UnrealShaderWorkingDir/B0A0F10F4B0255D33E55DC92FF20830D/'.
[2019.01.14-15.28.05:480][  0]LogTemp: Display: Loaded TP AllDesktopTargetPlatform
[2019.01.14-15.28.05:491][  0]LogTemp: Display: Loaded TP MacClientTargetPlatform
[2019.01.14-15.28.05:503][  0]LogTemp: Display: Loaded TP MacNoEditorTargetPlatform
[2019.01.14-15.28.05:514][  0]LogTemp: Display: Loaded TP MacServerTargetPlatform
[2019.01.14-15.28.05:526][  0]LogTemp: Display: Loaded TP MacTargetPlatform
[2019.01.14-15.28.05:542][  0]LogTemp: Display: Loaded TP WindowsClientTargetPlatform
[2019.01.14-15.28.05:554][  0]LogTemp: Display: Loaded TP WindowsNoEditorTargetPlatform
[2019.01.14-15.28.05:565][  0]LogTemp: Display: Loaded TP WindowsServerTargetPlatform
[2019.01.14-15.28.05:571][  0]LogTemp: Display: Loaded TP WindowsTargetPlatform
[2019.01.14-15.28.05:636][  0]LogTemp: Display: Loaded TP AndroidTargetPlatform
[2019.01.14-15.28.05:636][  0]LogTemp: Display: Loaded TP AndroidTargetPlatform
[2019.01.14-15.28.05:636][  0]LogTemp: Display: Loaded TP AndroidTargetPlatform
[2019.01.14-15.28.05:636][  0]LogTemp: Display: Loaded TP AndroidTargetPlatform
[2019.01.14-15.28.05:636][  0]LogTemp: Display: Loaded TP AndroidTargetPlatform
[2019.01.14-15.28.05:636][  0]LogTemp: Display: Loaded TP AndroidTargetPlatform
[2019.01.14-15.28.05:636][  0]LogTemp: Display: Loaded TP AndroidTargetPlatform
[2019.01.14-15.28.05:636][  0]LogTemp: Display: Loaded TP AndroidTargetPlatform
[2019.01.14-15.28.05:636][  0]LogTemp: Display: Loaded TP AndroidTargetPlatform
[2019.01.14-15.28.05:636][  0]LogTemp: Display: Loaded TP AndroidTargetPlatform
[2019.01.14-15.28.05:636][  0]LogTemp: Display: Loaded TP AndroidTargetPlatform
[2019.01.14-15.28.05:636][  0]LogTemp: Display: Loaded TP AndroidTargetPlatform
[2019.01.14-15.28.05:637][  0]LogTemp: Display: Loaded TP AndroidTargetPlatform
[2019.01.14-15.28.05:637][  0]LogTemp: Display: Loaded TP AndroidTargetPlatform
[2019.01.14-15.28.05:637][  0]LogTemp: Display: Loaded TP AndroidTargetPlatform
[2019.01.14-15.28.05:637][  0]LogTemp: Display: Loaded TP AndroidTargetPlatform
[2019.01.14-15.28.05:637][  0]LogTemp: Display: Loaded TP AndroidTargetPlatform
[2019.01.14-15.28.05:637][  0]LogTemp: Display: Loaded TP AndroidTargetPlatform
[2019.01.14-15.28.05:638][  0]LogTemp: Display: Loaded TP HTML5TargetPlatform
[2019.01.14-15.28.05:693][  0]LogTemp: Display: Loaded TP IOSTargetPlatform
[2019.01.14-15.28.05:693][  0]LogTemp: Display: Loaded TP IOSTargetPlatform
[2019.01.14-15.28.05:712][  0]LogTemp: Display: Loaded TP TVOSTargetPlatform
[2019.01.14-15.28.05:712][  0]LogTemp: Display: Loaded TP TVOSTargetPlatform
[2019.01.14-15.28.05:722][  0]LogTemp: Display: Loaded TP LinuxClientTargetPlatform
[2019.01.14-15.28.05:732][  0]LogTemp: Display: Loaded TP LinuxNoEditorTargetPlatform
[2019.01.14-15.28.05:742][  0]LogTemp: Display: Loaded TP LinuxServerTargetPlatform
[2019.01.14-15.28.05:753][  0]LogTemp: Display: Loaded TP LinuxTargetPlatform
[2019.01.14-15.28.05:761][  0]LogTemp: Display: Loaded TP LuminTargetPlatform
[2019.01.14-15.28.05:761][  0]LogTargetPlatformManager: Display: Building Assets For Windows
[2019.01.14-15.28.05:820][  0]LogXGEController: Cannot use XGE Controller as Incredibuild is not installed on this machine.
[2019.01.14-15.28.05:820][  0]LogShaderCompilers: Cannot use XGE Shader Compiler as Incredibuild is not installed on this machine.
[2019.01.14-15.28.05:820][  0]LogShaderCompilers: Display: Using Local Shader Compiler.
[2019.01.14-15.28.06:460][  0]LogDerivedDataCache: Display: Max Cache Size: 512 MB
[2019.01.14-15.28.06:518][  0]LogDerivedDataCache: Loaded boot cache 0.06s 71MB C:/Users/u1110080/AppData/Local/UnrealEngine/4.20/DerivedDataCache/Boot.ddc.
[2019.01.14-15.28.06:518][  0]LogDerivedDataCache: Display: Loaded Boot cache: C:/Users/u1110080/AppData/Local/UnrealEngine/4.20/DerivedDataCache/Boot.ddc
[2019.01.14-15.28.06:518][  0]LogDerivedDataCache: FDerivedDataBackendGraph:  Pak pak cache file ../../../../../../Users/u1110080/Documents/GitHub/MH_AssetPipeline/MH_InClass/DerivedDataCache/DDC.ddp not found, will not use a pak cache.
[2019.01.14-15.28.06:518][  0]LogDerivedDataCache: Unable to find inner node Pak for hierarchical cache Hierarchy.
[2019.01.14-15.28.06:518][  0]LogDerivedDataCache: FDerivedDataBackendGraph:  CompressedPak pak cache file ../../../../../../Users/u1110080/Documents/GitHub/MH_AssetPipeline/MH_InClass/DerivedDataCache/Compressed.ddp not found, will not use a pak cache.
[2019.01.14-15.28.06:518][  0]LogDerivedDataCache: Unable to find inner node CompressedPak for hierarchical cache Hierarchy.
[2019.01.14-15.28.06:530][  0]LogDerivedDataCache: Display: Pak cache opened for reading ../../../Engine/DerivedDataCache/Compressed.ddp.
[2019.01.14-15.28.06:542][  0]LogDerivedDataCache: Using Local data cache path C:/Users/u1110080/AppData/Local/UnrealEngine/Common/DerivedDataCache: Writable
[2019.01.14-15.28.06:542][  0]LogDerivedDataCache: Shared data cache path not found in *engine.ini, will not use an Shared cache.
[2019.01.14-15.28.06:542][  0]LogDerivedDataCache: Unable to find inner node Shared for hierarchical cache Hierarchy.
[2019.01.14-15.28.06:559][  0]LogMaterial: Verifying Global Shaders for PCD3D_SM5
[2019.01.14-15.28.06:560][  0]LogSlate: Using FreeType 2.6.0
[2019.01.14-15.28.06:561][  0]LogSlate: SlateFontServices - WITH_FREETYPE: 1, WITH_HARFBUZZ: 1
[2019.01.14-15.28.06:626][  0]LogAssetRegistry: FAssetRegistry took 0.0252 seconds to start up
[2019.01.14-15.28.06:904][  0]LogInit: Selected Device Profile: [Windows]
[2019.01.14-15.28.07:020][  0]LogSimplygon: Simplygon DLL not present - disabling.
[2019.01.14-15.28.07:024][  0]LogMeshReduction: Using SimplygonSwarm for distributed automatic mesh merging
[2019.01.14-15.28.07:024][  0]LogMeshReduction: Using ProxyLODMeshReduction for automatic mesh merging
[2019.01.14-15.28.07:024][  0]LogMeshReduction: Using QuadricMeshReduction for automatic static mesh reduction
[2019.01.14-15.28.07:024][  0]LogMeshReduction: No automatic skeletal mesh reduction module available
[2019.01.14-15.28.07:040][  0]LogNetVersion: MH_InClass 1.0.0, NetCL: 4212847, EngineNetVer: 5, GameNetVer: 0 (Checksum: 121968935)
[2019.01.14-15.28.07:517][  0]LogPackageLocalizationCache: Processed 11 localized package path(s) for 2 prioritized culture(s) in 0.090756 seconds
[2019.01.14-15.28.07:522][  0]LogUObjectArray: 38425 objects as part of root set at end of initial load.
[2019.01.14-15.28.07:522][  0]LogUObjectAllocator: 6690864 out of 0 bytes used by permanent object pool.
[2019.01.14-15.28.07:522][  0]LogUObjectArray: CloseDisregardForGC: 0/0 objects in disregard for GC pool
[2019.01.14-15.28.08:301][  0]LogTcpMessaging: Initializing TcpMessaging bridge
[2019.01.14-15.28.08:323][  0]LogUdpMessaging: Initializing bridge on interface 0.0.0.0:0 to multicast group 230.0.0.1:6666.
[2019.01.14-15.28.08:453][  0]SourceControl: Source control is disabled
[2019.01.14-15.28.08:453][  0]SourceControl: Source control is disabled
[2019.01.14-15.28.08:454][  0]SourceControl: Source control is disabled
[2019.01.14-15.28.08:455][  0]SourceControl: Source control is disabled
[2019.01.14-15.28.08:608][  0]LogAndroidPermission: UAndroidPermissionCallbackProxy::GetInstance
[2019.01.14-15.28.08:679][  0]LogOcInput: OculusInput pre-init called
[2019.01.14-15.28.08:731][  0]LogEngine: Initializing Engine...
[2019.01.14-15.28.08:732][  0]LogHMD: Failed to initialize OpenVR with code 110
[2019.01.14-15.28.08:733][  0]LogStats: UGameplayTagsManager::ConstructGameplayTagTree: ImportINI prefixes -  0.000 s
[2019.01.14-15.28.08:733][  0]LogStats: UGameplayTagsManager::ConstructGameplayTagTree: Construct from data asset -  0.000 s
[2019.01.14-15.28.08:733][  0]LogStats: UGameplayTagsManager::ConstructGameplayTagTree: ImportINI -  0.000 s
[2019.01.14-15.28.08:733][  0]LogStats: UGameplayTagsManager::ConstructGameplayTagTree: GameplayTagTreeChangedEvent.Broadcast -  0.000 s
[2019.01.14-15.28.08:921][  0]LogInit: Initializing FReadOnlyCVARCache
[2019.01.14-15.28.08:935][  0]LogAIModule: Creating AISystem for world Untitled
[2019.01.14-15.28.08:968][  0]LogInit: XAudio2 using '1 - CintiqPro24P (AMD High Definition Audio Device)' : 2 channels at 48 kHz using 16 bits per sample (channel mask 0x3)
[2019.01.14-15.28.08:980][  0]LogInit: FAudioDevice initialized.
[2019.01.14-15.28.08:981][  0]LogNetVersion: Set ProjectVersion to 1.0.0.0. Version Checksum will be recalculated on next use.
[2019.01.14-15.28.09:058][  0]LogDerivedDataCache: Saved boot cache 0.08s 71MB C:/Users/u1110080/AppData/Local/UnrealEngine/4.20/DerivedDataCache/Boot.ddc.
[2019.01.14-15.28.09:062][  0]LogInit: Texture streaming: Enabled
[2019.01.14-15.28.09:080][  0]LogEngineSessionManager: EngineSessionManager initialized
[2019.01.14-15.28.09:094][  0]LogInit: Transaction tracking system initialized
[2019.01.14-15.28.09:114][  0]BlueprintLog: New page: Editor Load
[2019.01.14-15.28.09:248][  0]LocalizationService: Localization service is disabled
[2019.01.14-15.28.09:481][  0]LogFileCache: Scanning file cache for directory 'C:/Users/u1110080/Documents/GitHub/MH_AssetPipeline/MH_InClass/Content/' took 0.01s
[2019.01.14-15.28.09:481][  0]LogCook: Display: Max memory allowance for cook 16384mb min free memory 0mb
[2019.01.14-15.28.09:481][  0]LogCook: Display: Mobile HDR setting 1
[2019.01.14-15.28.09:481][  0]LogGameplayTags: Display: UGameplayTagsManager::DoneAddingNativeTags. DelegateIsBound: 0
[2019.01.14-15.28.09:481][  0]LogStats: UGameplayTagsManager::ConstructGameplayTagTree: ImportINI prefixes -  0.000 s
[2019.01.14-15.28.09:481][  0]LogStats: UGameplayTagsManager::ConstructGameplayTagTree: Construct from data asset -  0.000 s
[2019.01.14-15.28.09:481][  0]LogStats: UGameplayTagsManager::ConstructGameplayTagTree: ImportINI -  0.000 s
[2019.01.14-15.28.09:481][  0]LogStats: UGameplayTagsManager::ConstructGameplayTagTree: GameplayTagTreeChangedEvent.Broadcast -  0.000 s
[2019.01.14-15.28.09:601][  0]SourceControl: Source control is disabled
[2019.01.14-15.28.09:601][  0]Cmd: MAP LOAD FILE="../../../Engine/Content/Maps/Templates/Template_Default.umap" TEMPLATE=1 SHOWPROGRESS=1 FEATURELEVEL=3
[2019.01.14-15.28.09:602][  0]LightingResults: New page: Lighting Build
[2019.01.14-15.28.09:604][  0]MapCheck: New page: Map Check
[2019.01.14-15.28.09:604][  0]LightingResults: New page: Lighting Build
[2019.01.14-15.28.09:779][  0]LogAIModule: Creating AISystem for world Untitled_1
[2019.01.14-15.28.09:785][  0]LogEditorServer: Finished looking for orphan Actors (0.000 secs)
[2019.01.14-15.28.09:805][  0]Cmd: MAP CHECKDEP NOCLEARLOG
[2019.01.14-15.28.09:861][  0]MapCheck: Map check complete: 0 Error(s), 0 Warning(s), took 56.225ms to complete.
[2019.01.14-15.28.09:861][  0]LogFileHelpers: Loading map 'Template_Default' took 0.259
[2019.01.14-15.28.09:958][  0]LogSlate: Updating window title bar state: overlay mode, drag disabled, window buttons hidden, title bar hidden
[2019.01.14-15.28.09:963][  0]LogSlate: Updating window title bar state: overlay mode, drag disabled, window buttons hidden, title bar hidden
[2019.01.14-15.28.09:969][  0]LogSlate: Updating window title bar state: overlay mode, drag disabled, window buttons hidden, title bar hidden
[2019.01.14-15.28.09:976][  0]LogSlate: Updating window title bar state: overlay mode, drag disabled, window buttons hidden, title bar hidden
[2019.01.14-15.28.09:982][  0]LogCollectionManager: Loaded 0 collections in 0.001484 seconds
[2019.01.14-15.28.10:024][  0]LogFileCache: Scanning file cache for directory 'C:/Users/u1110080/Documents/GitHub/MH_AssetPipeline/MH_InClass/Saved/Collections/' took 0.01s
[2019.01.14-15.28.10:024][  0]LogFileCache: Scanning file cache for directory 'C:/Users/u1110080/Documents/GitHub/MH_AssetPipeline/MH_InClass/Content/Developers/u1110080/Collections/' took 0.01s
[2019.01.14-15.28.10:024][  0]LogFileCache: Scanning file cache for directory 'C:/Users/u1110080/Documents/GitHub/MH_AssetPipeline/MH_InClass/Content/Collections/' took 0.01s
[2019.01.14-15.28.10:024][  0]LogCollectionManager: Rebuilt the GUID cache for 0 collections in 0.000000 seconds
[2019.01.14-15.28.10:032][  0]LogContentBrowser: Native class hierarchy populated in 0.0076 seconds. Added 2572 classes and 603 folders.
[2019.01.14-15.28.10:038][  0]LogContentBrowser: Native class hierarchy updated for 'WidgetCarousel' in 0.0002 seconds. Added 0 classes and 0 folders.
[2019.01.14-15.28.10:082][  0]LogContentBrowser: Native class hierarchy updated for 'AddContentDialog' in 0.0002 seconds. Added 0 classes and 0 folders.
[2019.01.14-15.28.10:088][  0]LogContentBrowser: Native class hierarchy updated for 'SceneOutliner' in 0.0004 seconds. Added 1 classes and 2 folders.
[2019.01.14-15.28.10:101][  0]LogSlate: Took 0.000180 seconds to synchronously load lazily loaded font '../../../Engine/Content/Slate/Fonts/Roboto-Regular.ttf' (155K)
[2019.01.14-15.28.10:103][  0]LogSlate: Took 0.000300 seconds to synchronously load lazily loaded font '../../../Engine/Content/Slate/Fonts/Roboto-Bold.ttf' (160K)
[2019.01.14-15.28.10:109][  0]LogSlate: Took 0.000233 seconds to synchronously load lazily loaded font '../../../Engine/Content/Editor/Slate/Fonts/FontAwesome.ttf' (139K)
[2019.01.14-15.28.10:179][  0]LogRenderer: Reallocating scene render targets to support 1208x576 Format 10 NumSamples 1 (Frame:1).
[2019.01.14-15.28.10:331][  0]LogContentBrowser: Native class hierarchy updated for 'HierarchicalLODOutliner' in 0.0002 seconds. Added 0 classes and 0 folders.
[2019.01.14-15.28.10:331][  0]LogLoad: (Engine Initialization) Total time: 8.01 seconds
[2019.01.14-15.28.10:331][  0]LogLoad: (Engine Initialization) Total Blueprint compile time: 0.00 seconds
[2019.01.14-15.28.10:341][  0]LogWindowsTextInputMethodSystem: Display: IME system now deactivated.
[2019.01.14-15.28.10:362][  0]LogAssetRegistry: Asset discovery search completed in 3.7578 seconds
[2019.01.14-15.28.10:363][  0]LogCollectionManager: Rebuilt the object cache for 0 collections in 0.000000 seconds (found 0 objects)
[2019.01.14-15.28.10:363][  0]LogCollectionManager: Fixed up redirectors for 0 collections in 0.000034 seconds (updated 0 objects)
[2019.01.14-15.28.10:364][  0]LogContentStreaming: Texture pool size now 1000 MB
[2019.01.14-15.28.44:996][137]LogEditorViewport: Clicking on Actor (LMB): StaticMeshActor (Floor)
[2019.01.14-15.28.47:342][382]LogSlate: FSceneViewport::OnFocusLost() reason 0
[2019.01.14-15.30.53:078][787]LogSlate: Took 0.000205 seconds to synchronously load lazily loaded font '../../../Engine/Content/Slate/Fonts/Roboto-Light.ttf' (167K)
[2019.01.14-15.30.53:087][787]LogAssetEditorManager: Opening Asset editor for Material /Game/M_WBOX_MH.M_WBOX_MH
[2019.01.14-15.30.53:091][787]LogMaterial: Display: Missing cached shader map for material M_WBOX_MH, compiling. 
[2019.01.14-15.30.53:488][787]LogMaterial: Display: Missing cached shader map for material M_WBOX_MH, compiling. 
[2019.01.14-15.30.53:515][787]LogShaderCompilers: Display: Shaders left to compile 21
[2019.01.14-15.30.53:515][787]LogShaderCompilers: Display: Shaders left to compile 20
[2019.01.14-15.30.53:515][787]LogShaderCompilers: Display: Shaders left to compile 19
[2019.01.14-15.30.53:515][787]LogShaderCompilers: Display: Shaders left to compile 18
[2019.01.14-15.30.53:549][787]LogSlate: Took 0.007015 seconds to synchronously load lazily loaded font '../../../Engine/Content/Slate/Fonts/Roboto-BoldCondensed.ttf' (158K)
[2019.01.14-15.30.54:254][823]LogShaderCompilers: Display: Shaders left to compile 17
[2019.01.14-15.30.54:289][825]LogShaderCompilers: Display: Shaders left to compile 16
[2019.01.14-15.30.54:291][825]LogShaderCompilers: Display: Shaders left to compile 15
[2019.01.14-15.30.54:304][826]LogShaderCompilers: Display: Shaders left to compile 14
[2019.01.14-15.30.54:432][833]LogShaderCompilers: Display: Shaders left to compile 13
[2019.01.14-15.30.54:466][835]LogShaderCompilers: Display: Shaders left to compile 12
[2019.01.14-15.30.54:478][836]LogShaderCompilers: Display: Shaders left to compile 11
[2019.01.14-15.30.54:494][837]LogShaderCompilers: Display: Shaders left to compile 10
[2019.01.14-15.30.54:595][843]LogShaderCompilers: Display: Shaders left to compile 9
[2019.01.14-15.30.54:765][853]LogShaderCompilers: Display: Shaders left to compile 8
[2019.01.14-15.30.54:883][860]LogShaderCompilers: Display: Shaders left to compile 7
[2019.01.14-15.30.54:912][862]LogShaderCompilers: Display: Shaders left to compile 6
[2019.01.14-15.30.54:986][866]LogShaderCompilers: Display: Shaders left to compile 5
[2019.01.14-15.30.55:132][875]LogShaderCompilers: Display: Shaders left to compile 4
[2019.01.14-15.30.55:147][876]LogShaderCompilers: Display: Shaders left to compile 3
[2019.01.14-15.30.55:336][887]LogShaderCompilers: Display: Shaders left to compile 2
[2019.01.14-15.30.55:397][891]LogShaderCompilers: Display: Shaders left to compile 1
[2019.01.14-15.30.55:675][908]MaterialEditorStats: Base pass shader: 99 instructions
[2019.01.14-15.30.55:675][908]MaterialEditorStats: Base pass shader with Volumetric Lightmap: 172 instructions
[2019.01.14-15.30.55:675][908]MaterialEditorStats: Base pass vertex shader: 32 instructions
[2019.01.14-15.30.55:675][908]MaterialEditorStats: Texture samplers: 3/16
[2019.01.14-15.31.11:867][ 77]LogSlate: Window 'M_WBOX_MH*' being destroyed
[2019.01.14-15.31.43:902][914]LogMaterial: Display: Missing cached shader map for material M_WBOX_MH, compiling. 
[2019.01.14-15.31.43:915][914]LogShaderCompilers: Display: Shaders left to compile 21
[2019.01.14-15.31.43:915][914]LogShaderCompilers: Display: Shaders left to compile 20
[2019.01.14-15.31.43:915][914]LogShaderCompilers: Display: Shaders left to compile 19
[2019.01.14-15.31.43:915][914]LogShaderCompilers: Display: Shaders left to compile 18
[2019.01.14-15.31.43:915][914]LogMaterial: Display: Missing cached shader map for material FMatExpressionPreview MaterialExpressionVectorParameter_0, compiling. 
[2019.01.14-15.31.43:961][915]LogSlate: Took 0.007926 seconds to synchronously load lazily loaded font '../../../Engine/Content/Slate/Fonts/Roboto-Italic.ttf' (157K)
[2019.01.14-15.31.44:474][976]LogShaderCompilers: Display: Shaders left to compile 19
[2019.01.14-15.31.44:532][983]LogShaderCompilers: Display: Shaders left to compile 18
[2019.01.14-15.31.44:532][983]LogShaderCompilers: Display: Shaders left to compile 17
[2019.01.14-15.31.44:547][985]LogShaderCompilers: Display: Shaders left to compile 16
[2019.01.14-15.31.44:633][995]LogShaderCompilers: Display: Shaders left to compile 15
[2019.01.14-15.31.44:682][  1]LogShaderCompilers: Display: Shaders left to compile 14
[2019.01.14-15.31.44:698][  3]LogShaderCompilers: Display: Shaders left to compile 13
[2019.01.14-15.31.44:715][  5]LogShaderCompilers: Display: Shaders left to compile 12
[2019.01.14-15.31.44:798][ 15]LogShaderCompilers: Display: Shaders left to compile 11
[2019.01.14-15.31.44:935][ 31]LogShaderCompilers: Display: Shaders left to compile 10
[2019.01.14-15.31.45:109][ 52]LogShaderCompilers: Display: Shaders left to compile 9
[2019.01.14-15.31.45:127][ 54]LogShaderCompilers: Display: Shaders left to compile 8
[2019.01.14-15.31.45:195][ 62]LogShaderCompilers: Display: Shaders left to compile 7
[2019.01.14-15.31.45:337][ 79]LogShaderCompilers: Display: Shaders left to compile 6
[2019.01.14-15.31.45:338][ 79]LogShaderCompilers: Display: Shaders left to compile 5
[2019.01.14-15.31.45:545][104]LogShaderCompilers: Display: Shaders left to compile 4
[2019.01.14-15.31.45:577][108]LogShaderCompilers: Display: Shaders left to compile 3
[2019.01.14-15.31.45:626][114]LogShaderCompilers: Display: Shaders left to compile 2
[2019.01.14-15.31.45:711][124]LogShaderCompilers: Display: Shaders left to compile 1
[2019.01.14-15.31.45:907][147]MaterialEditorStats: Base pass shader: 99 instructions
[2019.01.14-15.31.45:907][147]MaterialEditorStats: Base pass shader with Volumetric Lightmap: 172 instructions
[2019.01.14-15.31.45:907][147]MaterialEditorStats: Base pass vertex shader: 32 instructions
[2019.01.14-15.31.45:907][147]MaterialEditorStats: Texture samplers: 3/16
[2019.01.14-15.32.49:799][808]LogMaterial: Display: Missing cached shader map for material M_WBOX_MH, compiling. 
[2019.01.14-15.32.49:818][808]LogShaderCompilers: Display: Shaders left to compile 21
[2019.01.14-15.32.49:818][808]LogShaderCompilers: Display: Shaders left to compile 20
[2019.01.14-15.32.49:818][808]LogShaderCompilers: Display: Shaders left to compile 19
[2019.01.14-15.32.49:818][808]LogShaderCompilers: Display: Shaders left to compile 18
[2019.01.14-15.32.49:818][808]LogMaterial: Display: Missing cached shader map for material FMatExpressionPreview MaterialExpressionVectorParameter_0, compiling. 
[2019.01.14-15.32.50:372][871]LogShaderCompilers: Display: Shaders left to compile 19
[2019.01.14-15.32.50:421][877]LogShaderCompilers: Display: Shaders left to compile 18
[2019.01.14-15.32.50:428][878]LogShaderCompilers: Display: Shaders left to compile 17
[2019.01.14-15.32.50:437][879]LogShaderCompilers: Display: Shaders left to compile 16
[2019.01.14-15.32.50:543][891]LogShaderCompilers: Display: Shaders left to compile 15
[2019.01.14-15.32.50:573][895]LogShaderCompilers: Display: Shaders left to compile 14
[2019.01.14-15.32.50:583][896]LogShaderCompilers: Display: Shaders left to compile 13
[2019.01.14-15.32.50:607][899]LogShaderCompilers: Display: Shaders left to compile 12
[2019.01.14-15.32.50:700][910]LogShaderCompilers: Display: Shaders left to compile 11
[2019.01.14-15.32.50:854][927]LogShaderCompilers: Display: Shaders left to compile 10
[2019.01.14-15.32.50:970][941]LogShaderCompilers: Display: Shaders left to compile 9
[2019.01.14-15.32.50:995][944]LogShaderCompilers: Display: Shaders left to compile 8
[2019.01.14-15.32.51:086][955]LogShaderCompilers: Display: Shaders left to compile 7
[2019.01.14-15.32.51:218][970]LogShaderCompilers: Display: Shaders left to compile 6
[2019.01.14-15.32.51:272][976]LogShaderCompilers: Display: Shaders left to compile 5
[2019.01.14-15.32.51:420][993]LogShaderCompilers: Display: Shaders left to compile 4
[2019.01.14-15.32.51:463][998]LogShaderCompilers: Display: Shaders left to compile 3
[2019.01.14-15.32.51:535][  7]LogShaderCompilers: Display: Shaders left to compile 2
[2019.01.14-15.32.51:624][ 17]LogShaderCompilers: Display: Shaders left to compile 1
[2019.01.14-15.32.51:814][ 38]MaterialEditorStats: Base pass shader: 99 instructions
[2019.01.14-15.32.51:814][ 38]MaterialEditorStats: Base pass shader with Volumetric Lightmap: 172 instructions
[2019.01.14-15.32.51:814][ 38]MaterialEditorStats: Base pass vertex shader: 32 instructions
[2019.01.14-15.32.51:814][ 38]MaterialEditorStats: Texture samplers: 3/16
[2019.01.14-15.32.52:565][128]LogMaterial: Display: Missing cached shader map for material M_WBOX_MH, compiling. 
[2019.01.14-15.32.52:582][128]LogMaterial: Display: Missing cached shader map for material FMatExpressionPreview MaterialExpressionVectorParameter_0, compiling. 
[2019.01.14-15.32.52:595][128]LogShaderCompilers: Display: Shaders left to compile 21
[2019.01.14-15.32.52:595][128]LogShaderCompilers: Display: Shaders left to compile 20
[2019.01.14-15.32.52:595][128]LogShaderCompilers: Display: Shaders left to compile 19
[2019.01.14-15.32.52:595][128]LogShaderCompilers: Display: Shaders left to compile 18
[2019.01.14-15.32.52:606][128]LogSlate: Window 'Color Picker' being destroyed
[2019.01.14-15.32.53:234][203]LogShaderCompilers: Display: Shaders left to compile 19
[2019.01.14-15.32.53:249][205]LogShaderCompilers: Display: Shaders left to compile 18
[2019.01.14-15.32.53:265][207]LogShaderCompilers: Display: Shaders left to compile 17
[2019.01.14-15.32.53:273][208]LogShaderCompilers: Display: Shaders left to compile 16
[2019.01.14-15.32.53:384][221]LogShaderCompilers: Display: Shaders left to compile 15
[2019.01.14-15.32.53:415][225]LogShaderCompilers: Display: Shaders left to compile 14
[2019.01.14-15.32.53:424][226]LogShaderCompilers: Display: Shaders left to compile 13
[2019.01.14-15.32.53:440][228]LogShaderCompilers: Display: Shaders left to compile 12
[2019.01.14-15.32.53:533][239]LogShaderCompilers: Display: Shaders left to compile 11
[2019.01.14-15.32.53:661][254]LogShaderCompilers: Display: Shaders left to compile 10
[2019.01.14-15.32.53:800][271]LogShaderCompilers: Display: Shaders left to compile 9
[2019.01.14-15.32.53:834][275]LogShaderCompilers: Display: Shaders left to compile 8
[2019.01.14-15.32.53:909][284]LogShaderCompilers: Display: Shaders left to compile 7
[2019.01.14-15.32.54:036][299]LogShaderCompilers: Display: Shaders left to compile 6
[2019.01.14-15.32.54:051][301]LogShaderCompilers: Display: Shaders left to compile 5
[2019.01.14-15.32.54:235][323]LogShaderCompilers: Display: Shaders left to compile 4
[2019.01.14-15.32.54:294][330]LogShaderCompilers: Display: Shaders left to compile 3
[2019.01.14-15.32.54:351][337]LogShaderCompilers: Display: Shaders left to compile 2
[2019.01.14-15.32.54:428][346]LogShaderCompilers: Display: Shaders left to compile 1
[2019.01.14-15.32.54:630][370]MaterialEditorStats: Base pass shader: 99 instructions
[2019.01.14-15.32.54:630][370]MaterialEditorStats: Base pass shader with Volumetric Lightmap: 172 instructions
[2019.01.14-15.32.54:630][370]MaterialEditorStats: Base pass vertex shader: 32 instructions
[2019.01.14-15.32.54:631][370]MaterialEditorStats: Texture samplers: 3/16
[2019.01.14-15.33.04:032][495]LogMaterial: Display: Missing cached shader map for material M_WBOX_MH, compiling. 
[2019.01.14-15.33.04:045][495]LogShaderCompilers: Display: Shaders left to compile 21
[2019.01.14-15.33.04:045][495]LogShaderCompilers: Display: Shaders left to compile 20
[2019.01.14-15.33.04:045][495]LogShaderCompilers: Display: Shaders left to compile 19
[2019.01.14-15.33.04:045][495]LogShaderCompilers: Display: Shaders left to compile 18
[2019.01.14-15.33.04:048][495]LogMaterial: Display: Missing cached shader map for material FMatExpressionPreview MaterialExpressionVectorParameter_0, compiling. 
[2019.01.14-15.33.04:292][517]LogShaderCompilers: Display: Shaders left to compile 19
[2019.01.14-15.33.04:299][518]LogShaderCompilers: Display: Shaders left to compile 18
[2019.01.14-15.33.04:332][522]LogShaderCompilers: Display: Shaders left to compile 17
[2019.01.14-15.33.04:340][523]LogShaderCompilers: Display: Shaders left to compile 16
[2019.01.14-15.33.04:508][542]LogShaderCompilers: Display: Shaders left to compile 15
[2019.01.14-15.33.04:516][543]LogShaderCompilers: Display: Shaders left to compile 14
[2019.01.14-15.33.04:516][543]LogShaderCompilers: Display: Shaders left to compile 13
[2019.01.14-15.33.04:542][546]LogShaderCompilers: Display: Shaders left to compile 12
[2019.01.14-15.33.04:702][565]LogShaderCompilers: Display: Shaders left to compile 11
[2019.01.14-15.33.04:813][578]LogShaderCompilers: Display: Shaders left to compile 10
[2019.01.14-15.33.04:954][595]LogShaderCompilers: Display: Shaders left to compile 9
[2019.01.14-15.33.04:968][597]LogShaderCompilers: Display: Shaders left to compile 8
[2019.01.14-15.33.05:077][610]LogShaderCompilers: Display: Shaders left to compile 7
[2019.01.14-15.33.05:187][623]LogShaderCompilers: Display: Shaders left to compile 6
[2019.01.14-15.33.05:196][624]LogShaderCompilers: Display: Shaders left to compile 5
[2019.01.14-15.33.05:371][645]LogShaderCompilers: Display: Shaders left to compile 4
[2019.01.14-15.33.05:438][653]LogShaderCompilers: Display: Shaders left to compile 3
[2019.01.14-15.33.05:512][662]LogShaderCompilers: Display: Shaders left to compile 2
[2019.01.14-15.33.05:546][666]LogShaderCompilers: Display: Shaders left to compile 1
[2019.01.14-15.33.05:750][690]MaterialEditorStats: Base pass shader: 101 instructions
[2019.01.14-15.33.05:750][690]MaterialEditorStats: Base pass shader with Volumetric Lightmap: 174 instructions
[2019.01.14-15.33.05:750][690]MaterialEditorStats: Base pass vertex shader: 32 instructions
[2019.01.14-15.33.05:750][690]MaterialEditorStats: Texture samplers: 3/16
[2019.01.14-15.33.15:076][809]LogMaterialEditor: Saving and Compiling material M_WBOX_MH
[2019.01.14-15.33.15:543][809]LogMaterial: Display: Missing cached shader map for material M_WBOX_MH, compiling. 
[2019.01.14-15.33.15:585][809]LogShaderCompilers: Display: Shaders left to compile 21
[2019.01.14-15.33.15:585][809]LogShaderCompilers: Display: Shaders left to compile 20
[2019.01.14-15.33.15:586][809]LogShaderCompilers: Display: Shaders left to compile 19
[2019.01.14-15.33.15:586][809]LogShaderCompilers: Display: Shaders left to compile 18
[2019.01.14-15.33.15:595][809]LogMaterial: Display: Missing cached shader map for material M_WBOX_MH, compiling. 
[2019.01.14-15.33.15:611][809]LogMaterial: Display: Missing cached shader map for material M_WBOX_MH, compiling. 
[2019.01.14-15.33.15:650][809]LogMaterial: Display: Missing cached shader map for material FDebugViewModeMaterialProxy M_WBOX_MH, compiling. 
[2019.01.14-15.33.16:785][809]LogShaderCompilers: Display: Shaders left to compile 40
[2019.01.14-15.33.16:785][809]LogShaderCompilers: Display: Shaders left to compile 39
[2019.01.14-15.33.16:785][809]LogShaderCompilers: Display: Shaders left to compile 38
[2019.01.14-15.33.16:785][809]LogShaderCompilers: Display: Shaders left to compile 37
[2019.01.14-15.33.16:785][809]LogShaderCompilers: Display: Shaders left to compile 36
[2019.01.14-15.33.16:785][809]LogShaderCompilers: Display: Shaders left to compile 35
[2019.01.14-15.33.16:785][809]LogShaderCompilers: Display: Shaders left to compile 34
[2019.01.14-15.33.16:785][809]LogShaderCompilers: Display: Shaders left to compile 33
[2019.01.14-15.33.16:785][809]LogShaderCompilers: Display: Shaders left to compile 32
[2019.01.14-15.33.16:785][809]LogShaderCompilers: Display: Shaders left to compile 31
[2019.01.14-15.33.16:785][809]LogShaderCompilers: Display: Shaders left to compile 30
[2019.01.14-15.33.16:785][809]LogShaderCompilers: Display: Shaders left to compile 29
[2019.01.14-15.33.16:785][809]LogShaderCompilers: Display: Shaders left to compile 28
[2019.01.14-15.33.16:785][809]LogShaderCompilers: Display: Shaders left to compile 27
[2019.01.14-15.33.16:785][809]LogShaderCompilers: Display: Shaders left to compile 26
[2019.01.14-15.33.16:785][809]LogShaderCompilers: Display: Shaders left to compile 25
[2019.01.14-15.33.16:785][809]LogShaderCompilers: Display: Shaders left to compile 24
[2019.01.14-15.33.16:785][809]LogShaderCompilers: Display: Shaders left to compile 23
[2019.01.14-15.33.16:785][809]LogShaderCompilers: Display: Shaders left to compile 22
[2019.01.14-15.33.16:785][809]LogShaderCompilers: Display: Shaders left to compile 12
[2019.01.14-15.33.16:785][809]LogShaderCompilers: Display: Shaders left to compile 2
[2019.01.14-15.33.16:787][809]TextureStreamingBuild: Display: Compiling optional shaders took 1.145 seconds.
[2019.01.14-15.33.18:954][809]Cmd: OBJ SAVEPACKAGE PACKAGE="/Game/M_WBOX_MH" FILE="../../../../../../Users/u1110080/Documents/GitHub/MH_AssetPipeline/MH_InClass/Content/M_WBOX_MH.uasset" SILENT=true
[2019.01.14-15.33.18:972][809]LogSavePackage: Moving '../../../../../../Users/u1110080/Documents/GitHub/MH_AssetPipeline/MH_InClass/Saved/M_WBOX_MH6C99BE6D4C1E92317161F890B1C19067.tmp' to '../../../../../../Users/u1110080/Documents/GitHub/MH_AssetPipeline/MH_InClass/Content/M_WBOX_MH.uasset'
[2019.01.14-15.34.34:007][464]LogAssetEditorManager: Opening Asset editor for MaterialInstanceConstant /Game/M_WBOX_MH_Inst.M_WBOX_MH_Inst
[2019.01.14-15.34.45:335][463]Cmd: OBJ SAVEPACKAGE PACKAGE="/Game/MI_WBOX_MH" FILE="../../../../../../Users/u1110080/Documents/GitHub/MH_AssetPipeline/MH_InClass/Content/MI_WBOX_MH.uasset" SILENT=true
[2019.01.14-15.34.45:359][463]LogMaterial: Display: Missing cached shader map for material FDebugViewModeMaterialProxy MI_WBOX_MH, compiling. 
[2019.01.14-15.34.45:768][463]LogShaderCompilers: Display: Shaders left to compile 1
[2019.01.14-15.34.45:769][463]TextureStreamingBuild: Display: Compiling optional shaders took 0.412 seconds.
[2019.01.14-15.34.45:800][463]LogSavePackage: Moving '../../../../../../Users/u1110080/Documents/GitHub/MH_AssetPipeline/MH_InClass/Saved/MI_WBOX_MH8791D755499F117E947A3182DB47CF12.tmp' to '../../../../../../Users/u1110080/Documents/GitHub/MH_AssetPipeline/MH_InClass/Content/MI_WBOX_MH.uasset'
[2019.01.14-15.34.49:292][757]LogSlate: Window 'MI_WBOX_MH' being destroyed
[2019.01.14-15.34.49:296][757]LogSlate: Window 'MI_WBOX_MH' being destroyed
[2019.01.14-15.35.01:409][829]Cmd: OBJ SAVEPACKAGE PACKAGE="/Game/MI_WBOX_Street" FILE="../../../../../../Users/u1110080/Documents/GitHub/MH_AssetPipeline/MH_InClass/Content/MI_WBOX_Street.uasset" SILENT=true
[2019.01.14-15.35.01:440][829]LogSavePackage: Moving '../../../../../../Users/u1110080/Documents/GitHub/MH_AssetPipeline/MH_InClass/Saved/MI_WBOX_Street4F190E91457C64CA11E49AB8DCFF3BF3.tmp' to '../../../../../../Users/u1110080/Documents/GitHub/MH_AssetPipeline/MH_InClass/Content/MI_WBOX_Street.uasset'
[2019.01.14-15.35.08:553][451]Cmd: OBJ SAVEPACKAGE PACKAGE="/Game/MI_WBOX_Street" FILE="../../../../../../Users/u1110080/Documents/GitHub/MH_AssetPipeline/MH_InClass/Content/MI_WBOX_Street.uasset" SILENT=true
[2019.01.14-15.35.08:579][451]LogSavePackage: Moving '../../../../../../Users/u1110080/Documents/GitHub/MH_AssetPipeline/MH_InClass/Saved/MI_WBOX_Street5CFCDF6E4A7AB80CFF6A24863A7EFC2D.tmp' to '../../../../../../Users/u1110080/Documents/GitHub/MH_AssetPipeline/MH_InClass/Content/MI_WBOX_Street.uasset'
[2019.01.14-15.35.17:274][169]Cmd: OBJ SAVEPACKAGE PACKAGE="/Game/M_WBOX_MH" FILE="../../../../../../Users/u1110080/Documents/GitHub/MH_AssetPipeline/MH_InClass/Content/M_WBOX_MH.uasset" SILENT=true
[2019.01.14-15.35.17:298][169]LogSavePackage: Moving '../../../../../../Users/u1110080/Documents/GitHub/MH_AssetPipeline/MH_InClass/Saved/M_WBOX_MH0FD0F2754F2112E057AE0FB79534E77E.tmp' to '../../../../../../Users/u1110080/Documents/GitHub/MH_AssetPipeline/MH_InClass/Content/M_WBOX_MH.uasset'
[2019.01.14-15.35.17:392][169]Cmd: OBJ SAVEPACKAGE PACKAGE="/Game/MI_WBOX_Street" FILE="../../../../../../Users/u1110080/Documents/GitHub/MH_AssetPipeline/MH_InClass/Content/MI_WBOX_Street.uasset" SILENT=true
[2019.01.14-15.35.17:398][169]LogSavePackage: Moving '../../../../../../Users/u1110080/Documents/GitHub/MH_AssetPipeline/MH_InClass/Saved/MI_WBOX_Street1373FAA1444BF57EEB5D7BA3EFAF6D7A.tmp' to '../../../../../../Users/u1110080/Documents/GitHub/MH_AssetPipeline/MH_InClass/Content/MI_WBOX_Street.uasset'
[2019.01.14-15.35.22:460][495]LogAssetEditorManager: Opening Asset editor for MaterialInstanceConstant /Game/MI_WBOX_Street.MI_WBox_Street
[2019.01.14-15.36.03:543][765]LogAssetEditorManager: Opening Asset editor for Material /Game/M_WBOX_MH.M_WBox_MH
[2019.01.14-15.36.03:546][765]LogMaterial: Display: Missing cached shader map for material PreviewMaterial_0, compiling. 
[2019.01.14-15.36.03:620][765]LogMaterial: Display: Missing cached shader map for material PreviewMaterial_0, compiling. 
[2019.01.14-15.36.03:632][765]LogMaterial: Display: Missing cached shader map for material PreviewMaterial_0, compiling. 
[2019.01.14-15.36.03:658][765]LogShaderCompilers: Display: Shaders left to compile 21
[2019.01.14-15.36.03:658][765]LogShaderCompilers: Display: Shaders left to compile 20
[2019.01.14-15.36.03:658][765]LogShaderCompilers: Display: Shaders left to compile 19
[2019.01.14-15.36.03:658][765]LogShaderCompilers: Display: Shaders left to compile 18
[2019.01.14-15.36.03:670][765]LogMaterial: Display: Missing cached shader map for material FMatExpressionPreview MaterialExpressionVectorParameter_0, compiling. 
[2019.01.14-15.36.04:203][801]LogShaderCompilers: Display: Shaders left to compile 19
[2019.01.14-15.36.04:235][804]LogShaderCompilers: Display: Shaders left to compile 18
[2019.01.14-15.36.04:237][804]LogShaderCompilers: Display: Shaders left to compile 17
[2019.01.14-15.36.04:247][805]LogShaderCompilers: Display: Shaders left to compile 16
[2019.01.14-15.36.04:358][814]LogShaderCompilers: Display: Shaders left to compile 15
[2019.01.14-15.36.04:383][816]LogShaderCompilers: Display: Shaders left to compile 14
[2019.01.14-15.36.04:394][817]LogShaderCompilers: Display: Shaders left to compile 13
[2019.01.14-15.36.04:415][819]LogShaderCompilers: Display: Shaders left to compile 12
[2019.01.14-15.36.04:507][827]LogShaderCompilers: Display: Shaders left to compile 11
[2019.01.14-15.36.04:672][839]LogShaderCompilers: Display: Shaders left to compile 10
[2019.01.14-15.36.04:812][852]LogShaderCompilers: Display: Shaders left to compile 9
[2019.01.14-15.36.04:841][855]LogShaderCompilers: Display: Shaders left to compile 8
[2019.01.14-15.36.04:928][864]LogShaderCompilers: Display: Shaders left to compile 7
[2019.01.14-15.36.05:074][879]LogShaderCompilers: Display: Shaders left to compile 6
[2019.01.14-15.36.05:083][880]LogShaderCompilers: Display: Shaders left to compile 5
[2019.01.14-15.36.05:275][899]LogShaderCompilers: Display: Shaders left to compile 4
[2019.01.14-15.36.05:329][903]LogShaderCompilers: Display: Shaders left to compile 3
[2019.01.14-15.36.05:367][907]LogShaderCompilers: Display: Shaders left to compile 2
[2019.01.14-15.36.05:445][916]LogShaderCompilers: Display: Shaders left to compile 1
[2019.01.14-15.36.05:666][938]MaterialEditorStats: Base pass shader: 101 instructions
[2019.01.14-15.36.05:666][938]MaterialEditorStats: Base pass shader with Volumetric Lightmap: 174 instructions
[2019.01.14-15.36.05:666][938]MaterialEditorStats: Base pass vertex shader: 32 instructions
[2019.01.14-15.36.05:666][938]MaterialEditorStats: Texture samplers: 3/16
[2019.01.14-15.37.10:490][207]LogSlate: Window 'MI_WBox_Street' being destroyed
[2019.01.14-15.37.10:495][207]LogSlate: Window 'MI_WBox_Street' being destroyed
[2019.01.14-15.37.46:557][952]Cmd: OBJ SAVEPACKAGE PACKAGE="/Game/M_WBox_SDWLK" FILE="../../../../../../Users/u1110080/Documents/GitHub/MH_AssetPipeline/MH_InClass/Content/M_WBox_SDWLK.uasset" SILENT=true
[2019.01.14-15.37.46:572][952]LogSavePackage: Moving '../../../../../../Users/u1110080/Documents/GitHub/MH_AssetPipeline/MH_InClass/Saved/M_WBox_SDWLK91762517430426B2F90D059F03FD31CF.tmp' to '../../../../../../Users/u1110080/Documents/GitHub/MH_AssetPipeline/MH_InClass/Content/M_WBox_SDWLK.uasset'
[2019.01.14-15.37.49:534][122]LogAssetEditorManager: Opening Asset editor for MaterialInstanceConstant /Game/MI_WBOX_Street.MI_WBox_Street
[2019.01.14-15.38.38:591][572]LogSlate: FSceneViewport::OnFocusLost() reason 0
[2019.01.14-15.38.52:533][999]LogSlate: Window 'MaterialEditorInstanceConstant_2 - Property Editor' being destroyed
[2019.01.14-15.38.52:537][999]LogSlate: Window 'MaterialEditorInstanceConstant_2 - Property Editor' being destroyed
[2019.01.14-15.39.14:320][534]LogActorFactory: Actor Factory created Cube
[2019.01.14-15.39.16:024][733]LogActorFactory: Actor Factory created Cube
[2019.01.14-15.39.24:403][722]LogSlate: FSceneViewport::OnFocusLost() reason 0
[2019.01.14-15.40.11:142][937]LogSavePackage: Moving '../../../../../../Users/u1110080/Documents/GitHub/MH_AssetPipeline/MH_InClass/Saved/Untitled_1_Auto1E769BFB8430D4805A9C5C0AC5E420363.tmp' to '../../../../../../Users/u1110080/Documents/GitHub/MH_AssetPipeline/MH_InClass/Saved/Autosaves/Temp/Untitled_1_Auto1.umap'
[2019.01.14-15.40.11:149][937]LogFileHelpers: Editor autosave (incl. sublevels) for '/Temp/Untitled_1' took 0.053
[2019.01.14-15.40.11:149][937]LogFileHelpers: Editor autosave (incl. sublevels) for all levels took 0.053
[2019.01.14-15.42.06:623][665]LogAssetEditorManager: Opening Asset editor for MaterialInstanceConstant /Game/MI_WBOX_Street.MI_WBox_Street
[2019.01.14-15.42.16:815][518]LogAssetEditorManager: Opening Asset editor for Material /Game/M_WBOX_MH.M_WBox_MH
[2019.01.14-15.42.16:817][518]LogMaterial: Display: Missing cached shader map for material PreviewMaterial_1, compiling. 
[2019.01.14-15.42.16:892][518]LogMaterial: Display: Missing cached shader map for material PreviewMaterial_1, compiling. 
[2019.01.14-15.42.16:905][518]LogMaterial: Display: Missing cached shader map for material PreviewMaterial_1, compiling. 
[2019.01.14-15.42.16:932][518]LogShaderCompilers: Display: Shaders left to compile 21
[2019.01.14-15.42.16:932][518]LogShaderCompilers: Display: Shaders left to compile 20
[2019.01.14-15.42.16:932][518]LogShaderCompilers: Display: Shaders left to compile 19
[2019.01.14-15.42.16:932][518]LogShaderCompilers: Display: Shaders left to compile 18
[2019.01.14-15.42.16:945][518]LogMaterial: Display: Missing cached shader map for material FMatExpressionPreview MaterialExpressionVectorParameter_0, compiling. 
[2019.01.14-15.42.17:486][556]LogShaderCompilers: Display: Shaders left to compile 19
[2019.01.14-15.42.17:534][560]LogShaderCompilers: Display: Shaders left to compile 18
[2019.01.14-15.42.17:538][560]LogShaderCompilers: Display: Shaders left to compile 17
[2019.01.14-15.42.17:538][560]LogShaderCompilers: Display: Shaders left to compile 16
[2019.01.14-15.42.17:643][569]LogShaderCompilers: Display: Shaders left to compile 15
[2019.01.14-15.42.17:690][573]LogShaderCompilers: Display: Shaders left to compile 14
[2019.01.14-15.42.17:704][574]LogShaderCompilers: Display: Shaders left to compile 13
[2019.01.14-15.42.17:714][575]LogShaderCompilers: Display: Shaders left to compile 12
[2019.01.14-15.42.17:799][580]LogShaderCompilers: Display: Shaders left to compile 11
[2019.01.14-15.42.17:981][596]LogShaderCompilers: Display: Shaders left to compile 10
[2019.01.14-15.42.18:121][610]LogShaderCompilers: Display: Shaders left to compile 9
[2019.01.14-15.42.18:149][613]LogShaderCompilers: Display: Shaders left to compile 8
[2019.01.14-15.42.18:215][620]LogShaderCompilers: Display: Shaders left to compile 7
[2019.01.14-15.42.18:361][635]LogShaderCompilers: Display: Shaders left to compile 6
[2019.01.14-15.42.18:394][638]LogShaderCompilers: Display: Shaders left to compile 5
[2019.01.14-15.42.18:577][656]LogShaderCompilers: Display: Shaders left to compile 4
[2019.01.14-15.42.18:606][659]LogShaderCompilers: Display: Shaders left to compile 3
[2019.01.14-15.42.18:657][664]LogShaderCompilers: Display: Shaders left to compile 2
[2019.01.14-15.42.18:761][675]LogShaderCompilers: Display: Shaders left to compile 1
[2019.01.14-15.42.18:958][694]MaterialEditorStats: Base pass shader: 101 instructions
[2019.01.14-15.42.18:958][694]MaterialEditorStats: Base pass shader with Volumetric Lightmap: 174 instructions
[2019.01.14-15.42.18:958][694]MaterialEditorStats: Base pass vertex shader: 32 instructions
[2019.01.14-15.42.18:958][694]MaterialEditorStats: Texture samplers: 3/16
[2019.01.14-15.42.23:611][906]LogSlate: Window 'Save Content' being destroyed
[2019.01.14-15.42.23:750][906]LogSlate: Window 'MI_WBox_Street' being destroyed
[2019.01.14-15.42.23:790][906]LogSlate: Window 'MH_InClass - Unreal Editor' being destroyed
[2019.01.14-15.42.24:002][907]Cmd: QUIT_EDITOR
[2019.01.14-15.42.24:017][907]LogWindowsTextInputMethodSystem: Display: IME system now deactivated.
[2019.01.14-15.42.24:030][907]LogExit: Preparing to exit.
[2019.01.14-15.42.24:778][907]LogExit: Editor shut down
[2019.01.14-15.42.24:778][907]LogExit: Transaction tracking system shut down
[2019.01.14-15.42.25:419][907]LogExit: Object subsystem successfully closed.
[2019.01.14-15.42.25:434][907]LogShaderCompilers: Display: Shaders left to compile 0
[2019.01.14-15.42.25:435][907]LogD3D11RHI: Shutdown
[2019.01.14-15.42.25:435][907]LogD3D11RHI: CleanupD3DDevice
[2019.01.14-15.42.25:438][907]LogD3D11RHI: ~FD3D11DynamicRHI
[2019.01.14-15.42.25:461][907]LogModuleManager: Shutting down and abandoning module HierarchicalLODOutliner (612)
[2019.01.14-15.42.25:461][907]LogModuleManager: Shutting down and abandoning module SceneOutliner (610)
[2019.01.14-15.42.25:461][907]LogModuleManager: Shutting down and abandoning module AddContentDialog (608)
[2019.01.14-15.42.25:462][907]LogModuleManager: Shutting down and abandoning module WidgetCarousel (607)
[2019.01.14-15.42.25:462][907]LogModuleManager: Shutting down and abandoning module EditorWidgets (604)
[2019.01.14-15.42.25:462][907]LogModuleManager: Shutting down and abandoning module CollectionManager (602)
[2019.01.14-15.42.25:462][907]LogModuleManager: Shutting down and abandoning module HierarchicalLODUtilities (600)
[2019.01.14-15.42.25:462][907]LogModuleManager: Shutting down and abandoning module StatsViewer (598)
[2019.01.14-15.42.25:462][907]LogModuleManager: Shutting down and abandoning module FoliageEdit (596)
[2019.01.14-15.42.25:462][907]LogModuleManager: Shutting down and abandoning module LandscapeEditor (594)
[2019.01.14-15.42.25:462][907]LogModuleManager: Shutting down and abandoning module MeshPaintMode (592)
[2019.01.14-15.42.25:462][907]LogModuleManager: Shutting down and abandoning module SceneDepthPickerMode (590)
[2019.01.14-15.42.25:462][907]LogModuleManager: Shutting down and abandoning module ActorPickerMode (588)
[2019.01.14-15.42.25:462][907]LogModuleManager: Shutting down and abandoning module GeometryMode (586)
[2019.01.14-15.42.25:462][907]LogModuleManager: Shutting down and abandoning module TextureAlignMode (584)
[2019.01.14-15.42.25:462][907]LogModuleManager: Shutting down and abandoning module BspMode (582)
[2019.01.14-15.42.25:462][907]LogModuleManager: Shutting down and abandoning module PIEPreviewDeviceProfileSelector (580)
[2019.01.14-15.42.25:462][907]LogModuleManager: Shutting down and abandoning module SequenceRecorderSections (578)
[2019.01.14-15.42.25:462][907]LogModuleManager: Shutting down and abandoning module AutomationWorker (576)
[2019.01.14-15.42.25:462][907]LogModuleManager: Shutting down and abandoning module AudioCaptureEditor (574)
[2019.01.14-15.42.25:462][907]LogModuleManager: Shutting down and abandoning module SequenceRecorder (573)
[2019.01.14-15.42.25:462][907]LogModuleManager: Shutting down and abandoning module MatineeToLevelSequence (570)
[2019.01.14-15.42.25:462][907]LogModuleManager: Shutting down and abandoning module LevelSequenceEditor (568)
[2019.01.14-15.42.25:462][907]LogModuleManager: Shutting down and abandoning module PlacementMode (567)
[2019.01.14-15.42.25:462][907]LogModuleManager: Shutting down and abandoning module MaterialEditor (566)
[2019.01.14-15.42.25:462][907]LogModuleManager: Shutting down and abandoning module WmfMediaFactory (562)
[2019.01.14-15.42.25:462][907]LogModuleManager: Shutting down and abandoning module WmfMediaEditor (560)
[2019.01.14-15.42.25:462][907]LogModuleManager: Shutting down and abandoning module MediaPlayerEditor (558)
[2019.01.14-15.42.25:462][907]LogModuleManager: Shutting down and abandoning module OpenExrWrapper (556)
[2019.01.14-15.42.25:462][907]LogModuleManager: Shutting down and abandoning module ImgMediaFactory (554)
[2019.01.14-15.42.25:462][907]LogModuleManager: Shutting down and abandoning module ImgMediaEditor (552)
[2019.01.14-15.42.25:462][907]LogModuleManager: Shutting down and abandoning module AvfMediaFactory (550)
[2019.01.14-15.42.25:462][907]LogModuleManager: Shutting down and abandoning module AvfMediaEditor (548)
[2019.01.14-15.42.25:462][907]LogModuleManager: Shutting down and abandoning module AndroidMediaFactory (546)
[2019.01.14-15.42.25:462][907]LogModuleManager: Shutting down and abandoning module AndroidMediaEditor (544)
[2019.01.14-15.42.25:462][907]LogModuleManager: Shutting down and abandoning module MagicLeapCameraPreviewFactory (542)
[2019.01.14-15.42.25:462][907]LogModuleManager: Shutting down and abandoning module MagicLeapMediaFactory (540)
[2019.01.14-15.42.25:462][907]LogModuleManager: Shutting down and abandoning module MagicLeapMediaEditor (538)
[2019.01.14-15.42.25:462][907]LogModuleManager: Shutting down and abandoning module CharacterAI (536)
[2019.01.14-15.42.25:463][907]LogModuleManager: Shutting down and abandoning module SmartSnapping (534)
[2019.01.14-15.42.25:463][907]LogModuleManager: Shutting down and abandoning module SessionServices (532)
[2019.01.14-15.42.25:463][907]LogModuleManager: Shutting down and abandoning module ViewportSnapping (530)
[2019.01.14-15.42.25:463][907]LogModuleManager: Shutting down and abandoning module ViewportInteraction (528)
[2019.01.14-15.42.25:463][907]LogModuleManager: Shutting down and abandoning module ClothPainter (526)
[2019.01.14-15.42.25:463][907]LogModuleManager: Shutting down and abandoning module SkeletalMeshEditor (525)
[2019.01.14-15.42.25:463][907]LogModuleManager: Shutting down and abandoning module LogVisualizer (522)
[2019.01.14-15.42.25:463][907]LogModuleManager: Shutting down and abandoning module IntroTutorials (520)
[2019.01.14-15.42.25:463][907]LogModuleManager: Shutting down and abandoning module GameProjectGeneration (519)
[2019.01.14-15.42.25:463][907]LogModuleManager: Shutting down and abandoning module LuminPlatformEditor (516)
[2019.01.14-15.42.25:463][907]LogModuleManager: Shutting down and abandoning module IOSPlatformEditor (514)
[2019.01.14-15.42.25:463][907]LogModuleManager: Shutting down and abandoning module HTML5PlatformEditor (512)
[2019.01.14-15.42.25:463][907]LogModuleManager: Shutting down and abandoning module AndroidPlatformEditor (510)
[2019.01.14-15.42.25:463][907]LogModuleManager: Shutting down and abandoning module AndroidDeviceDetection (509)
[2019.01.14-15.42.25:768][907]LogModuleManager: Shutting down and abandoning module WindowsPlatformEditor (506)
[2019.01.14-15.42.25:768][907]LogModuleManager: Shutting down and abandoning module LuminRuntimeSettings (504)
[2019.01.14-15.42.25:768][907]LogModuleManager: Shutting down and abandoning module IOSRuntimeSettings (502)
[2019.01.14-15.42.25:768][907]LogModuleManager: Shutting down and abandoning module AndroidRuntimeSettings (500)
[2019.01.14-15.42.25:768][907]LogModuleManager: Shutting down and abandoning module InputBindingEditor (498)
[2019.01.14-15.42.25:768][907]LogModuleManager: Shutting down and abandoning module MergeActors (496)
[2019.01.14-15.42.25:768][907]LogModuleManager: Shutting down and abandoning module LocalizationDashboard (494)
[2019.01.14-15.42.25:768][907]LogModuleManager: Shutting down and abandoning module LocalizationService (493)
[2019.01.14-15.42.25:768][907]LogModuleManager: Shutting down and abandoning module HardwareTargeting (490)
[2019.01.14-15.42.25:768][907]LogModuleManager: Shutting down and abandoning module DeviceProfileEditor (488)
[2019.01.14-15.42.25:768][907]LogModuleManager: Shutting down and abandoning module UndoHistory (486)
[2019.01.14-15.42.25:768][907]LogModuleManager: Shutting down and abandoning module XmlParser (484)
[2019.01.14-15.42.25:768][907]LogModuleManager: Shutting down and abandoning module Blutility (482)
[2019.01.14-15.42.25:769][907]LogModuleManager: Shutting down and abandoning module ProjectSettingsViewer (480)
[2019.01.14-15.42.25:769][907]LogModuleManager: Shutting down and abandoning module ProjectTargetPlatformEditor (479)
[2019.01.14-15.42.25:769][907]LogModuleManager: Shutting down and abandoning module EditorSettingsViewer (476)
[2019.01.14-15.42.25:769][907]LogModuleManager: Shutting down and abandoning module SettingsEditor (474)
[2019.01.14-15.42.25:769][907]LogModuleManager: Shutting down and abandoning module ProjectLauncher (472)
[2019.01.14-15.42.25:769][907]LogModuleManager: Shutting down and abandoning module SessionFrontend (470)
[2019.01.14-15.42.25:769][907]LogModuleManager: Shutting down and abandoning module ProfilerClient (468)
[2019.01.14-15.42.25:769][907]LogModuleManager: Shutting down and abandoning module DeviceManager (466)
[2019.01.14-15.42.25:769][907]LogModuleManager: Shutting down and abandoning module TargetDeviceServices (465)
[2019.01.14-15.42.25:832][907]LogModuleManager: Shutting down and abandoning module AutomationController (462)
[2019.01.14-15.42.25:832][907]LogModuleManager: Shutting down and abandoning module AutomationWindow (460)
[2019.01.14-15.42.25:832][907]LogModuleManager: Shutting down and abandoning module Layers (458)
[2019.01.14-15.42.25:832][907]LogModuleManager: Shutting down and abandoning module ComponentVisualizers (456)
[2019.01.14-15.42.25:832][907]LogModuleManager: Shutting down and abandoning module DetailCustomizations (454)
[2019.01.14-15.42.25:832][907]LogModuleManager: Shutting down and abandoning module PackagesDialog (452)
[2019.01.14-15.42.25:832][907]LogModuleManager: Shutting down and abandoning module Persona (450)
[2019.01.14-15.42.25:832][907]LogModuleManager: Shutting down and abandoning module AdvancedPreviewScene (449)
[2019.01.14-15.42.25:832][907]LogModuleManager: Shutting down and abandoning module AnimGraph (447)
[2019.01.14-15.42.25:832][907]LogModuleManager: Shutting down and abandoning module Kismet (444)
[2019.01.14-15.42.25:832][907]LogModuleManager: Shutting down and abandoning module GraphEditor (442)
[2019.01.14-15.42.25:832][907]LogModuleManager: Shutting down and abandoning module ClassViewer (440)
[2019.01.14-15.42.25:832][907]LogModuleManager: Shutting down and abandoning module Toolbox (438)
[2019.01.14-15.42.25:832][907]LogModuleManager: Shutting down and abandoning module ModuleUI (436)
[2019.01.14-15.42.25:832][907]LogModuleManager: Shutting down and abandoning module MovieSceneTools (434)
[2019.01.14-15.42.25:832][907]LogModuleManager: Shutting down and abandoning module OutputLog (432)
[2019.01.14-15.42.25:832][907]LogModuleManager: Shutting down and abandoning module GammaUI (430)
[2019.01.14-15.42.25:832][907]LogModuleManager: Shutting down and abandoning module Documentation (428)
[2019.01.14-15.42.25:833][907]LogModuleManager: Shutting down and abandoning module MovieSceneTracks (426)
[2019.01.14-15.42.25:833][907]LogModuleManager: Shutting down and abandoning module MovieScene (424)
[2019.01.14-15.42.25:833][907]LogModuleManager: Shutting down and abandoning module StreamingPauseRendering (422)
[2019.01.14-15.42.25:833][907]LogModuleManager: Shutting down and abandoning module LauncherPlatform (420)
[2019.01.14-15.42.25:833][907]LogModuleManager: Shutting down and abandoning module AnalyticsET (418)
[2019.01.14-15.42.25:833][907]LogModuleManager: Shutting down and abandoning module PortalServices (416)
[2019.01.14-15.42.25:833][907]LogModuleManager: Shutting down and abandoning module PortalRpc (414)
[2019.01.14-15.42.25:833][907]LogModuleManager: Shutting down and abandoning module MessagingRpc (412)
[2019.01.14-15.42.25:833][907]LogModuleManager: Shutting down and abandoning module AIModule (410)
[2019.01.14-15.42.25:833][907]LogModuleManager: Shutting down and abandoning module GameplayDebugger (409)
[2019.01.14-15.42.25:833][907]LogModuleManager: Shutting down and abandoning module AITestSuite (407)
[2019.01.14-15.42.25:833][907]LogModuleManager: Shutting down and abandoning module NavigationSystem (405)
[2019.01.14-15.42.25:833][907]LogModuleManager: Shutting down and abandoning module DesktopPlatform (402)
[2019.01.14-15.42.25:833][907]LogModuleManager: Shutting down and abandoning module ProfilerService (400)
[2019.01.14-15.42.26:032][907]LogModuleManager: Shutting down and abandoning module TaskGraph (398)
[2019.01.14-15.42.26:032][907]LogModuleManager: Shutting down and abandoning module SteamVRController (396)
[2019.01.14-15.42.26:032][907]LogModuleManager: Shutting down and abandoning module ProceduralMeshComponentEditor (394)
[2019.01.14-15.42.26:032][907]LogModuleManager: Shutting down and abandoning module ProceduralMeshComponent (392)
[2019.01.14-15.42.26:032][907]LogModuleManager: Shutting down and abandoning module OculusInput (390)
[2019.01.14-15.42.26:032][907]LogModuleManager: Shutting down and abandoning module MobilePatchingUtils (388)
[2019.01.14-15.42.26:032][907]LogModuleManager: Shutting down and abandoning module EditableMesh (386)
[2019.01.14-15.42.26:032][907]LogModuleManager: Shutting down and abandoning module CustomMeshComponent (384)
[2019.01.14-15.42.26:032][907]LogModuleManager: Shutting down and abandoning module CableComponent (382)
[2019.01.14-15.42.26:032][907]LogModuleManager: Shutting down and abandoning module AudioCapture (380)
[2019.01.14-15.42.26:032][907]LogModuleManager: Shutting down and abandoning module ArchVisCharacter (378)
[2019.01.14-15.42.26:032][907]LogModuleManager: Shutting down and abandoning module AndroidPermission (376)
[2019.01.14-15.42.26:032][907]LogModuleManager: Shutting down and abandoning module NUTUnrealEngine4 (374)
[2019.01.14-15.42.26:032][907]LogModuleManager: Shutting down and abandoning module NetcodeUnitTest (372)
[2019.01.14-15.42.26:032][907]LogModuleManager: Shutting down and abandoning module MediaCompositingEditor (370)
[2019.01.14-15.42.26:032][907]LogModuleManager: Shutting down and abandoning module MediaCompositing (368)
[2019.01.14-15.42.26:033][907]LogModuleManager: Shutting down and abandoning module LinearTimecode (366)
[2019.01.14-15.42.26:033][907]LogModuleManager: Shutting down and abandoning module ImgMedia (364)
[2019.01.14-15.42.26:036][907]LogModuleManager: Shutting down and abandoning module HTML5Networking (362)
[2019.01.14-15.42.26:036][907]LogModuleManager: Shutting down and abandoning module GeometryCacheTracks (360)
[2019.01.14-15.42.26:036][907]LogModuleManager: Shutting down and abandoning module GeometryCacheSequencer (358)
[2019.01.14-15.42.26:036][907]LogModuleManager: Shutting down and abandoning module BackChannel (356)
[2019.01.14-15.42.26:036][907]LogModuleManager: Shutting down and abandoning module AppleVision (354)
[2019.01.14-15.42.26:036][907]LogModuleManager: Shutting down and abandoning module AppleImageUtils (352)
[2019.01.14-15.42.26:036][907]LogModuleManager: Shutting down and abandoning module AlembicImporter (350)
[2019.01.14-15.42.26:036][907]LogModuleManager: Shutting down and abandoning module AlembicLibrary (349)
[2019.01.14-15.42.26:036][907]LogModuleManager: Shutting down and abandoning module GeometryCache (348)
[2019.01.14-15.42.26:036][907]LogModuleManager: Shutting down and abandoning module GeometryCacheEd (347)
[2019.01.14-15.42.26:036][907]LogModuleManager: Shutting down and abandoning module DatasmithContentEditor (342)
[2019.01.14-15.42.26:036][907]LogModuleManager: Shutting down and abandoning module DatasmithContent (340)
[2019.01.14-15.42.26:036][907]LogModuleManager: Shutting down and abandoning module SpeedTreeImporter (338)
[2019.01.14-15.42.26:036][907]LogModuleManager: Shutting down and abandoning module PluginBrowser (336)
[2019.01.14-15.42.26:036][907]LogModuleManager: Shutting down and abandoning module MobileLauncherProfileWizard (334)
[2019.01.14-15.42.26:036][907]LogModuleManager: Shutting down and abandoning module PolygonModeling (332)
[2019.01.14-15.42.26:036][907]LogModuleManager: Shutting down and abandoning module MeshEditor (330)
[2019.01.14-15.42.26:036][907]LogModuleManager: Shutting down and abandoning module CryptoKeysOpenSSL (328)
[2019.01.14-15.42.26:036][907]LogModuleManager: Shutting down and abandoning module CryptoKeys (326)
[2019.01.14-15.42.26:036][907]LogModuleManager: Shutting down and abandoning module VisualStudioSourceCodeAccess (324)
[2019.01.14-15.42.26:036][907]LogModuleManager: Shutting down and abandoning module VisualStudioCodeSourceCodeAccess (322)
[2019.01.14-15.42.26:036][907]LogModuleManager: Shutting down and abandoning module UObjectPlugin (320)
[2019.01.14-15.42.26:036][907]LogModuleManager: Shutting down and abandoning module SubversionSourceControl (318)
[2019.01.14-15.42.26:036][907]LogModuleManager: Shutting down and abandoning module PerforceSourceControl (316)
[2019.01.14-15.42.26:036][907]LogModuleManager: Shutting down and abandoning module GitSourceControl (314)
[2019.01.14-15.42.26:036][907]LogModuleManager: Shutting down and abandoning module SourceControl (313)
[2019.01.14-15.42.26:037][907]LogModuleManager: Shutting down and abandoning module CLionSourceCodeAccess (310)
[2019.01.14-15.42.26:037][907]LogModuleManager: Shutting down and abandoning module LightPropagationVolumeEditor (308)
[2019.01.14-15.42.26:037][907]LogModuleManager: Shutting down and abandoning module PaperTiledImporter (306)
[2019.01.14-15.42.26:037][907]LogModuleManager: Shutting down and abandoning module PaperSpriteSheetImporter (304)
[2019.01.14-15.42.26:037][907]LogModuleManager: Shutting down and abandoning module Paper2DEditor (302)
[2019.01.14-15.42.26:037][907]LogModuleManager: Shutting down and abandoning module MeshPaint (301)
[2019.01.14-15.42.26:037][907]LogModuleManager: Shutting down and abandoning module RuntimePhysXCooking (298)
[2019.01.14-15.42.26:037][907]LogModuleManager: Shutting down and abandoning module PhysXVehiclesEditor (296)
[2019.01.14-15.42.26:037][907]LogModuleManager: Shutting down and abandoning module PhysXVehicles (294)
[2019.01.14-15.42.26:037][907]LogModuleManager: Shutting down and abandoning module OculusEditor (292)
[2019.01.14-15.42.26:037][907]LogModuleManager: Shutting down and abandoning module LocationServicesBPLibrary (290)
[2019.01.14-15.42.26:037][907]LogModuleManager: Shutting down and abandoning module ImmediatePhysicsEditor (288)
[2019.01.14-15.42.26:037][907]LogModuleManager: Shutting down and abandoning module ImmediatePhysics (286)
[2019.01.14-15.42.26:037][907]LogModuleManager: Shutting down and abandoning module ActorSequence (284)
[2019.01.14-15.42.26:037][907]LogModuleManager: Shutting down and abandoning module UdpMessaging (282)
[2019.01.14-15.42.26:137][907]LogModuleManager: Shutting down and abandoning module TcpMessaging (280)
[2019.01.14-15.42.26:239][907]LogModuleManager: Shutting down and abandoning module MagicLeapAudio (278)
[2019.01.14-15.42.26:239][907]LogModuleManager: Shutting down and abandoning module GameplayTagsEditor (276)
[2019.01.14-15.42.26:239][907]LogModuleManager: Shutting down and abandoning module FacialAnimationEditor (274)
[2019.01.14-15.42.26:239][907]LogModuleManager: Shutting down and abandoning module FacialAnimation (272)
[2019.01.14-15.42.26:239][907]LogModuleManager: Shutting down and abandoning module DataValidation (270)
[2019.01.14-15.42.26:239][907]LogModuleManager: Shutting down and abandoning module AssetManagerEditor (268)
[2019.01.14-15.42.26:239][907]LogModuleManager: Shutting down and abandoning module LevelEditor (267)
[2019.01.14-15.42.26:239][907]LogModuleManager: Shutting down and abandoning module PixelInspectorModule (266)
[2019.01.14-15.42.26:239][907]LogModuleManager: Shutting down and abandoning module CommonMenuExtensions (264)
[2019.01.14-15.42.26:239][907]LogModuleManager: Shutting down and abandoning module MainFrame (262)
[2019.01.14-15.42.26:239][907]LogModuleManager: Shutting down and abandoning module HotReload (261)
[2019.01.14-15.42.26:240][907]LogModuleManager: Shutting down and abandoning module ContentBrowser (257)
[2019.01.14-15.42.26:240][907]LogModuleManager: Shutting down and abandoning module TreeMap (255)
[2019.01.14-15.42.26:240][907]LogModuleManager: Shutting down and abandoning module LightPropagationVolumeRuntime (252)
[2019.01.14-15.42.26:240][907]LogModuleManager: Shutting down and abandoning module AISupportModule (250)
[2019.01.14-15.42.26:240][907]LogModuleManager: Shutting down and abandoning module Paper2D (248)
[2019.01.14-15.42.26:241][907]LogModuleManager: Shutting down and abandoning module WindowsMoviePlayer (246)
[2019.01.14-15.42.26:241][907]LogModuleManager: Shutting down and abandoning module WmfMedia (244)
[2019.01.14-15.42.26:242][907]LogModuleManager: Shutting down and abandoning module Media (243)
[2019.01.14-15.42.26:248][907]LogModuleManager: Shutting down and abandoning module PacketHandler (240)
[2019.01.14-15.42.26:248][907]LogModuleManager: Shutting down and abandoning module ClothingSystemEditor (238)
[2019.01.14-15.42.26:248][907]LogModuleManager: Shutting down and abandoning module ClothingSystemRuntime (236)
[2019.01.14-15.42.26:248][907]LogModuleManager: Shutting down and abandoning module MediaAssets (234)
[2019.01.14-15.42.26:248][907]LogModuleManager: Shutting down and abandoning module Overlay (232)
[2019.01.14-15.42.26:248][907]LogModuleManager: Shutting down and abandoning module OverlayEditor (231)
[2019.01.14-15.42.26:248][907]LogModuleManager: Shutting down and abandoning module VREditor (228)
[2019.01.14-15.42.26:248][907]LogModuleManager: Shutting down and abandoning module StringTableEditor (226)
[2019.01.14-15.42.26:248][907]LogModuleManager: Shutting down and abandoning module GameplayTasksEditor (224)
[2019.01.14-15.42.26:248][907]LogModuleManager: Shutting down and abandoning module BehaviorTreeEditor (222)
[2019.01.14-15.42.26:248][907]LogModuleManager: Shutting down and abandoning module FunctionalTesting (220)
[2019.01.14-15.42.26:248][907]LogModuleManager: Shutting down and abandoning module CollisionAnalyzer (218)
[2019.01.14-15.42.26:248][907]LogModuleManager: Shutting down and abandoning module WorkspaceMenuStructure (217)
[2019.01.14-15.42.26:248][907]LogModuleManager: Shutting down and abandoning module UMG (214)
[2019.01.14-15.42.26:248][907]LogModuleManager: Shutting down and abandoning module UMGEditor (213)
[2019.01.14-15.42.26:248][907]LogModuleManager: Shutting down and abandoning module Sequencer (212)
[2019.01.14-15.42.26:248][907]LogModuleManager: Shutting down and abandoning module MessageLog (209)
[2019.01.14-15.42.26:248][907]LogModuleManager: Shutting down and abandoning module SlateReflector (204)
[2019.01.14-15.42.26:248][907]LogModuleManager: Shutting down and abandoning module Slate (202)
[2019.01.14-15.42.26:248][907]LogModuleManager: Shutting down and abandoning module EditorStyle (200)
[2019.01.14-15.42.26:250][907]LogModuleManager: Shutting down and abandoning module MRMesh (198)
[2019.01.14-15.42.26:250][907]LogModuleManager: Shutting down and abandoning module SourceCodeAccess (196)
[2019.01.14-15.42.26:250][907]LogModuleManager: Shutting down and abandoning module HeadMountedDisplay (194)
[2019.01.14-15.42.26:250][907]LogModuleManager: Shutting down and abandoning module XAudio2 (192)
[2019.01.14-15.42.26:250][907]LogModuleManager: Shutting down and abandoning module Networking (190)
[2019.01.14-15.42.26:250][907]LogModuleManager: Shutting down and abandoning module Core (188)
[2019.01.14-15.42.26:250][907]LogModuleManager: Shutting down and abandoning module LevelSequence (186)
[2019.01.14-15.42.26:250][907]LogModuleManager: Shutting down and abandoning module KismetCompiler (184)
[2019.01.14-15.42.26:250][907]LogModuleManager: Shutting down and abandoning module MeshUtilities (182)
[2019.01.14-15.42.26:250][907]LogModuleManager: Shutting down and abandoning module MeshMergeUtilities (181)
[2019.01.14-15.42.26:250][907]LogModuleManager: Shutting down and abandoning module MeshReductionInterface (180)
[2019.01.14-15.42.26:250][907]LogModuleManager: Shutting down and abandoning module SimplygonSwarm (179)
[2019.01.14-15.42.26:250][907]LogModuleManager: Shutting down and abandoning module ProxyLODMeshReduction (177)
[2019.01.14-15.42.26:250][907]LogModuleManager: Shutting down and abandoning module SimplygonMeshReduction (175)
[2019.01.14-15.42.26:250][907]LogModuleManager: Shutting down and abandoning module QuadricMeshReduction (173)
[2019.01.14-15.42.26:250][907]LogModuleManager: Shutting down and abandoning module MaterialBaking (169)
[2019.01.14-15.42.26:250][907]LogModuleManager: Shutting down and abandoning module DirectoryWatcher (165)
[2019.01.14-15.42.26:250][907]LogModuleManager: Shutting down and abandoning module DerivedDataCache (162)
[2019.01.14-15.42.26:302][907]LogDerivedDataCache: Shutdown
[2019.01.14-15.42.26:302][907]LogModuleManager: Shutting down and abandoning module XGEController (160)
[2019.01.14-15.42.26:302][907]LogModuleManager: Shutting down and abandoning module TargetPlatform (158)
[2019.01.14-15.42.26:302][907]LogModuleManager: Shutting down and abandoning module VulkanShaderFormat (157)
[2019.01.14-15.42.26:302][907]LogModuleManager: Shutting down and abandoning module ShaderFormatVectorVM (155)
[2019.01.14-15.42.26:302][907]LogModuleManager: Shutting down and abandoning module ShaderFormatOpenGL (153)
[2019.01.14-15.42.26:302][907]LogModuleManager: Shutting down and abandoning module ShaderFormatD3D (151)
[2019.01.14-15.42.26:302][907]LogModuleManager: Shutting down and abandoning module MetalShaderFormat (149)
[2019.01.14-15.42.26:302][907]LogModuleManager: Shutting down and abandoning module TextureFormatUncompressed (147)
[2019.01.14-15.42.26:302][907]LogModuleManager: Shutting down and abandoning module TextureFormatPVR (145)
[2019.01.14-15.42.26:302][907]LogModuleManager: Shutting down and abandoning module TextureFormatDXT (143)
[2019.01.14-15.42.26:302][907]LogModuleManager: Shutting down and abandoning module TextureFormatIntelISPCTexComp (141)
[2019.01.14-15.42.26:302][907]LogModuleManager: Shutting down and abandoning module TextureFormatASTC (139)
[2019.01.14-15.42.26:302][907]LogModuleManager: Shutting down and abandoning module ImageWrapper (138)
[2019.01.14-15.42.26:303][907]LogModuleManager: Shutting down and abandoning module TextureFormatAndroid (135)
[2019.01.14-15.42.26:303][907]LogModuleManager: Shutting down and abandoning module AudioFormatOpus (133)
[2019.01.14-15.42.26:303][907]LogModuleManager: Shutting down and abandoning module AudioFormatOgg (131)
[2019.01.14-15.42.26:303][907]LogModuleManager: Shutting down and abandoning module AudioFormatADPCM (129)
[2019.01.14-15.42.26:303][907]LogModuleManager: Shutting down and abandoning module LuminTargetPlatform (127)
[2019.01.14-15.42.26:303][907]LogModuleManager: Shutting down and abandoning module LinuxTargetPlatform (125)
[2019.01.14-15.42.26:303][907]LogModuleManager: Shutting down and abandoning module LinuxServerTargetPlatform (123)
[2019.01.14-15.42.26:303][907]LogModuleManager: Shutting down and abandoning module LinuxNoEditorTargetPlatform (121)
[2019.01.14-15.42.26:303][907]LogModuleManager: Shutting down and abandoning module LinuxClientTargetPlatform (119)
[2019.01.14-15.42.26:303][907]LogModuleManager: Shutting down and abandoning module TVOSTargetPlatform (117)
[2019.01.14-15.42.26:303][907]LogModuleManager: Shutting down and abandoning module Messaging (115)
[2019.01.14-15.42.26:303][907]LogModuleManager: Shutting down and abandoning module IOSTargetPlatform (113)
[2019.01.14-15.42.26:304][907]LogModuleManager: Shutting down and abandoning module HTML5TargetPlatform (111)
[2019.01.14-15.42.26:304][907]LogModuleManager: Shutting down and abandoning module AndroidTargetPlatform (109)
[2019.01.14-15.42.26:309][907]LogModuleManager: Shutting down and abandoning module WindowsTargetPlatform (107)
[2019.01.14-15.42.26:309][907]LogModuleManager: Shutting down and abandoning module WindowsServerTargetPlatform (105)
[2019.01.14-15.42.26:309][907]LogModuleManager: Shutting down and abandoning module WindowsNoEditorTargetPlatform (103)
[2019.01.14-15.42.26:309][907]LogModuleManager: Shutting down and abandoning module WindowsClientTargetPlatform (101)
[2019.01.14-15.42.26:309][907]LogModuleManager: Shutting down and abandoning module MacTargetPlatform (99)
[2019.01.14-15.42.26:309][907]LogModuleManager: Shutting down and abandoning module MacServerTargetPlatform (97)
[2019.01.14-15.42.26:309][907]LogModuleManager: Shutting down and abandoning module MacNoEditorTargetPlatform (95)
[2019.01.14-15.42.26:309][907]LogModuleManager: Shutting down and abandoning module MacClientTargetPlatform (93)
[2019.01.14-15.42.26:309][907]LogModuleManager: Shutting down and abandoning module AllDesktopTargetPlatform (91)
[2019.01.14-15.42.26:309][907]LogModuleManager: Shutting down and abandoning module InputCore (88)
[2019.01.14-15.42.26:309][907]LogModuleManager: Shutting down and abandoning module Settings (86)
[2019.01.14-15.42.26:309][907]LogModuleManager: Shutting down and abandoning module PhysXCooking (84)
[2019.01.14-15.42.26:309][907]LogModuleManager: Shutting down and abandoning module SteamVR (82)
[2019.01.14-15.42.26:309][907]LogModuleManager: Shutting down and abandoning module OculusHMD (80)
[2019.01.14-15.42.26:309][907]LogModuleManager: Shutting down and abandoning module ExampleDeviceProfileSelector (78)
[2019.01.14-15.42.26:309][907]LogModuleManager: Shutting down and abandoning module LauncherChunkInstaller (76)
[2019.01.14-15.42.26:309][907]LogModuleManager: Shutting down and abandoning module OnlineBlueprintSupport (74)
[2019.01.14-15.42.26:309][907]LogModuleManager: Shutting down and abandoning module OnlineSubsystem (70)
[2019.01.14-15.42.26:310][907]LogModuleManager: Shutting down and abandoning module XMPP (65)
[2019.01.14-15.42.26:310][907]LogModuleManager: Shutting down and abandoning module WebSockets (64)
[2019.01.14-15.42.26:328][907]LogModuleManager: Shutting down and abandoning module HTTP (61)
[2019.01.14-15.42.26:328][907]LogHttp: Display: Http module shutting down, but needs to wait on 1 outstanding Http requests:
[2019.01.14-15.42.26:328][907]LogHttp: Display: 	verb=[POST] url=[https://datarouter.ol.epicgames.com/datarouter/api/v1/public/data?SessionID=%7B3A176377-431B-D25B-C8EB-599B50746506%7D&AppID=UEEditor.Rocket.Release&AppVersion=4.20.3-4369336%2B%2B%2BUE4%2BRelease-4.20&UserID=4dac311f4fb7dd312c126c8986a43500%7Caa17fec1e3fe466b954a6019755b9a2b%7Ce7b110cc-1a49-4b3b-976f-10b06697675e&AppEnvironment=datacollector-binary&UploadType=eteventstream] status=Processing
[2019.01.14-15.42.26:358][907]LogModuleManager: Shutting down and abandoning module SSL (60)
[2019.01.14-15.42.26:358][907]LogModuleManager: Shutting down and abandoning module MagicLeapEmulator (56)
[2019.01.14-15.42.26:358][907]LogModuleManager: Shutting down and abandoning module MagicLeapPrivileges (54)
[2019.01.14-15.42.26:358][907]LogModuleManager: Shutting down and abandoning module MagicLeapIdentity (52)
[2019.01.14-15.42.26:359][907]LogModuleManager: Shutting down and abandoning module MagicLeapHelperVulkan (50)
[2019.01.14-15.42.26:359][907]LogModuleManager: Shutting down and abandoning module MagicLeapHelperOpenGL (48)
[2019.01.14-15.42.26:359][907]LogModuleManager: Shutting down and abandoning module MagicLeapSecureStorage (46)
[2019.01.14-15.42.26:359][907]LogModuleManager: Shutting down and abandoning module MagicLeapGestures (44)
[2019.01.14-15.42.26:359][907]LogModuleManager: Shutting down and abandoning module MagicLeapEyeTracker (42)
[2019.01.14-15.42.26:359][907]LogModuleManager: Shutting down and abandoning module MagicLeapController (40)
[2019.01.14-15.42.26:360][907]LogSlate: Slate User Destroyed.  User Index 0, Is Virtual User: 0
[2019.01.14-15.42.26:360][907]LogModuleManager: Shutting down and abandoning module MagicLeap (38)
[2019.01.14-15.42.26:360][907]LogModuleManager: Shutting down and abandoning module AnimationModifiers (36)
[2019.01.14-15.42.26:360][907]LogModuleManager: Shutting down and abandoning module PropertyEditor (35)
[2019.01.14-15.42.26:360][907]LogModuleManager: Shutting down and abandoning module AudioEditor (32)
[2019.01.14-15.42.26:360][907]LogModuleManager: Shutting down and abandoning module TextureCompressor (30)
[2019.01.14-15.42.26:360][907]LogModuleManager: Shutting down and abandoning module ShaderCore (28)
[2019.01.14-15.42.26:360][907]LogModuleManager: Shutting down and abandoning module Landscape (26)
[2019.01.14-15.42.26:360][907]LogModuleManager: Shutting down and abandoning module SlateRHIRenderer (24)
[2019.01.14-15.42.26:361][907]LogModuleManager: Shutting down and abandoning module OpenGLDrv (22)
[2019.01.14-15.42.26:361][907]LogModuleManager: Shutting down and abandoning module D3D11RHI (20)
[2019.01.14-15.42.26:361][907]LogModuleManager: Shutting down and abandoning module AnimGraphRuntime (18)
[2019.01.14-15.42.26:361][907]LogModuleManager: Shutting down and abandoning module Renderer (16)
[2019.01.14-15.42.26:361][907]LogModuleManager: Shutting down and abandoning module Engine (14)
[2019.01.14-15.42.26:361][907]LogModuleManager: Shutting down and abandoning module CoreUObject (12)
[2019.01.14-15.42.26:361][907]LogModuleManager: Shutting down and abandoning module NetworkFile (10)
[2019.01.14-15.42.26:361][907]LogModuleManager: Shutting down and abandoning module CookedIterativeFile (8)
[2019.01.14-15.42.26:361][907]LogModuleManager: Shutting down and abandoning module StreamingFile (6)
[2019.01.14-15.42.26:361][907]LogModuleManager: Shutting down and abandoning module SandboxFile (4)
[2019.01.14-15.42.26:361][907]LogModuleManager: Shutting down and abandoning module PakFile (2)
[2019.01.14-15.42.26:367][907]LogExit: Exiting.
[2019.01.14-15.42.26:387][907]Log file closed, 01/14/19 08:42:26
